2023-10-06 10:00:59.754 [info] Log level: Info
2023-10-06 10:00:59.754 [info] Validating found git in: "git"
2023-10-06 10:00:59.754 [info] Using git "2.42.0" from "git"
2023-10-06 10:00:59.754 [info] > git rev-parse --show-toplevel [4ms]
2023-10-06 10:00:59.755 [info] > git rev-parse --git-dir --git-common-dir [2ms]
2023-10-06 10:00:59.770 [info] Open repository: /home/talin/nixos-config
2023-10-06 10:00:59.792 [info] > git rev-parse --show-toplevel [5ms]
2023-10-06 10:00:59.793 [info] > git config --get commit.template [13ms]
2023-10-06 10:00:59.809 [info] > git rev-parse --show-toplevel [8ms]
2023-10-06 10:00:59.816 [info] > git for-each-ref --format=%(refname)%00%(upstream:short)%00%(objectname)%00%(upstream:track)%00%(upstream:remotename)%00%(upstream:remoteref) refs/heads/master refs/remotes/master [10ms]
2023-10-06 10:00:59.823 [info] > git rev-parse --show-toplevel [7ms]
2023-10-06 10:00:59.827 [info] > git status -z -uall [6ms]
2023-10-06 10:00:59.846 [info] > git config --get commit.template [7ms]
2023-10-06 10:00:59.847 [info] > git for-each-ref --format=%(refname)%00%(upstream:short)%00%(objectname)%00%(upstream:track)%00%(upstream:remotename)%00%(upstream:remoteref) refs/heads/master refs/remotes/master [3ms]
2023-10-06 10:00:59.854 [info] > git status -z -uall [2ms]
2023-10-06 10:01:00.432 [info] > git check-ignore -v -z --stdin [2ms]
2023-10-06 10:01:01.093 [info] > git show --textconv :home-manager/talin.nix [7ms]
2023-10-06 10:01:01.094 [info] > git ls-files --stage -- /home/talin/nixos-config/home-manager/talin.nix [2ms]
2023-10-06 10:01:01.101 [info] > git cat-file -s 39eb0f149ac2ecb1d50a3350f205a667b4d9fde8 [2ms]
2023-10-06 10:01:11.631 [info] > git config --get commit.template [19ms]
2023-10-06 10:01:11.632 [info] > git for-each-ref --format=%(refname)%00%(upstream:short)%00%(objectname)%00%(upstream:track)%00%(upstream:remotename)%00%(upstream:remoteref) refs/heads/master refs/remotes/master [5ms]
2023-10-06 10:01:11.657 [info] > git status -z -uall [8ms]
2023-10-06 10:01:11.705 [info] > git ls-files --stage -- /home/talin/nixos-config/home-manager/talin.nix [2ms]
2023-10-06 10:01:11.715 [info] > git cat-file -s b3d5ec38a291d057de3a08f49fe39bb09885f62f [2ms]
2023-10-06 10:01:11.725 [info] > git show --textconv :home-manager/talin.nix [2ms]
2023-10-06 10:01:54.826 [info] > git config --get commit.template [10ms]
2023-10-06 10:01:54.827 [info] > git for-each-ref --format=%(refname)%00%(upstream:short)%00%(objectname)%00%(upstream:track)%00%(upstream:remotename)%00%(upstream:remoteref) refs/heads/master refs/remotes/master [1ms]
2023-10-06 10:01:54.837 [info] > git status -z -uall [3ms]
2023-10-06 10:01:54.877 [info] > git check-ignore -v -z --stdin [1ms]
2023-10-06 10:01:56.007 [info] > git check-ignore -v -z --stdin [5ms]
2023-10-06 10:01:58.440 [info] > git check-ignore -v -z --stdin [6ms]
2023-10-06 10:02:24.451 [info] > git config --get commit.template [19ms]
2023-10-06 10:02:24.453 [info] > git for-each-ref --format=%(refname)%00%(upstream:short)%00%(objectname)%00%(upstream:track)%00%(upstream:remotename)%00%(upstream:remoteref) refs/heads/master refs/remotes/master [5ms]
2023-10-06 10:02:24.478 [info] > git status -z -uall [8ms]
2023-10-06 10:02:26.791 [info] > git ls-files --stage -- /home/talin/nixos-config/home-manager/talin.nix [1ms]
2023-10-06 10:02:26.797 [info] > git cat-file -s 79e73b15b3bd2dafd416fa7336b7cdcc3eb0ac83 [2ms]
2023-10-06 10:02:26.803 [info] > git show --textconv :home-manager/talin.nix [1ms]
2023-10-06 10:02:29.501 [info] > git config --get commit.template [6ms]
2023-10-06 10:02:29.502 [info] > git for-each-ref --format=%(refname)%00%(upstream:short)%00%(objectname)%00%(upstream:track)%00%(upstream:remotename)%00%(upstream:remoteref) refs/heads/master refs/remotes/master [1ms]
2023-10-06 10:02:29.509 [info] > git status -z -uall [3ms]
2023-10-06 10:02:35.074 [info] > git config --get commit.template [5ms]
2023-10-06 10:02:35.094 [info] > git for-each-ref --format=%(refname)%00%(upstream:short)%00%(objectname)%00%(upstream:track)%00%(upstream:remotename)%00%(upstream:remoteref) refs/heads/master refs/remotes/master [4ms]
2023-10-06 10:02:35.117 [info] > git status -z -uall [8ms]
2023-10-06 10:02:35.188 [info] > git ls-files --stage -- /home/talin/nixos-config/home-manager/talin.nix [2ms]
2023-10-06 10:02:35.195 [info] > git cat-file -s 79e73b15b3bd2dafd416fa7336b7cdcc3eb0ac83 [2ms]
2023-10-06 10:02:35.202 [info] > git show --textconv :home-manager/talin.nix [1ms]
2023-10-06 10:04:22.368 [info] > git config --get commit.template [18ms]
2023-10-06 10:04:22.370 [info] > git for-each-ref --format=%(refname)%00%(upstream:short)%00%(objectname)%00%(upstream:track)%00%(upstream:remotename)%00%(upstream:remoteref) refs/heads/master refs/remotes/master [4ms]
2023-10-06 10:04:22.394 [info] > git status -z -uall [9ms]
