2023-10-05T19:18:39.846Z 0: 

----------------------------------------------
2023-10-05T19:18:39.851Z 1: Discord starting: {"releaseChannel":"stable","version":"0.0.30"}, modulepath: /home/talin/.config/discord/0.0.30/modules
2023-10-05T19:18:39.857Z 2: ✅ webContents.created web1 ""
2023-10-05T19:18:39.861Z 3: ✅ window.created win1 "discord"
2023-10-05T19:18:40.304Z 4: ✅ webContents.did-finish-load web1
2023-10-05T19:18:41.793Z 5: window.close win1
2023-10-05T19:18:41.819Z 6: webContents.destroyed web1
2023-10-05T19:18:45.586Z 0: 

----------------------------------------------
2023-10-05T19:18:45.601Z 1: Discord starting: {"releaseChannel":"stable","version":"0.0.30"}, modulepath: /home/talin/.config/discord/0.0.30/modules
2023-10-05T19:18:45.603Z 2: ✅ webContents.created web1 ""
2023-10-05T19:18:45.604Z 3: ✅ window.created win1 "discord"
2023-10-05T19:18:45.867Z 4: ✅ webContents.did-finish-load web1
2023-10-05T19:18:51.297Z 5: ✅ webContents.created web2 ""
2023-10-05T19:18:51.309Z 6: ✅ window.created win2 "Discord"
2023-10-05T19:18:55.406Z 7: ✅ webContents.did-finish-load web2
2023-10-05T19:18:55.509Z 8: window.close win1
2023-10-05T19:18:55.545Z 9: webContents.destroyed web1
2023-10-05T19:18:55.547Z 10: window.closed win1
2023-10-05T19:19:21.712Z 11: window.close win2
2023-10-05T19:19:24.535Z 0: 

----------------------------------------------
2023-10-05T19:19:39.706Z 0: 

----------------------------------------------
2023-10-05T19:19:44.083Z 12: window.close win2
2023-10-05T19:19:49.505Z 0: 

----------------------------------------------
2023-10-05T19:19:51.969Z 13: window.close win2
2023-10-05T19:19:56.668Z 0: 

----------------------------------------------
2023-10-05T19:19:56.685Z 1: Discord starting: {"releaseChannel":"stable","version":"0.0.30"}, modulepath: /home/talin/.config/discord/0.0.30/modules
2023-10-05T19:19:58.529Z 14: window.close win2
2023-10-05T19:20:01.249Z 0: 

----------------------------------------------
2023-10-05T19:20:01.263Z 1: Discord starting: {"releaseChannel":"stable","version":"0.0.30"}, modulepath: /home/talin/.config/discord/0.0.30/modules
2023-10-05T19:20:01.628Z 15: window.close win2
2023-10-05T19:20:04.563Z 0: 

----------------------------------------------
2023-10-05T19:20:04.578Z 1: Discord starting: {"releaseChannel":"stable","version":"0.0.30"}, modulepath: /home/talin/.config/discord/0.0.30/modules
2023-10-05T19:20:05.045Z 16: window.close win2
2023-10-05T19:20:09.839Z 0: 

----------------------------------------------
2023-10-05T19:20:09.850Z 1: Discord starting: {"releaseChannel":"stable","version":"0.0.30"}, modulepath: /home/talin/.config/discord/0.0.30/modules
2023-10-05T19:20:11.576Z 17: window.close win2
2023-10-05T19:21:13.114Z 0: 

----------------------------------------------
2023-10-05T19:21:14.001Z 18: window.close win2
2023-10-05T19:21:14.066Z 19: webContents.destroyed web2
2023-10-05T19:21:14.071Z 20: window.closed win2
2023-10-05T19:21:17.941Z 0: 

----------------------------------------------
2023-10-05T19:21:17.948Z 1: Discord starting: {"releaseChannel":"stable","version":"0.0.30"}, modulepath: /home/talin/.config/discord/0.0.30/modules
2023-10-05T19:21:17.951Z 2: ✅ webContents.created web1 ""
2023-10-05T19:21:17.953Z 3: ✅ window.created win1 "discord"
2023-10-05T19:21:18.166Z 4: ✅ webContents.did-finish-load web1
2023-10-05T19:21:18.714Z 5: ✅ webContents.created web2 ""
2023-10-05T19:21:18.726Z 6: ✅ window.created win2 "Discord"
2023-10-05T19:21:22.184Z 7: ❌ webContents.did-fail-load web2" -3 
2023-10-05T19:21:23.549Z 8: ✅ webContents.did-finish-load web2
2023-10-05T19:21:23.643Z 9: window.close win1
2023-10-05T19:21:23.657Z 10: webContents.destroyed web1
2023-10-05T19:21:23.660Z 11: window.closed win1
2023-10-05T19:27:41.877Z 12: ❌ webContents.nresponsive web2
2023-10-05T19:34:03.344Z 13: window.close win2
2023-10-05T19:34:03.393Z 14: webContents.destroyed web2
2023-10-06T14:03:27.626Z 0: 

----------------------------------------------
2023-10-06T14:03:27.636Z 1: Discord starting: {"releaseChannel":"stable","version":"0.0.30"}, modulepath: /home/talin/.config/discord/0.0.30/modules
2023-10-06T14:03:27.643Z 2: ✅ webContents.created web1 ""
2023-10-06T14:03:27.647Z 3: ✅ window.created win1 "discord"
2023-10-06T14:03:27.994Z 4: ✅ webContents.did-finish-load web1
2023-10-06T14:03:28.428Z 5: ✅ webContents.created web2 ""
2023-10-06T14:03:28.443Z 6: ✅ window.created win2 "Discord"
2023-10-06T14:03:33.189Z 7: ✅ webContents.did-finish-load web2
2023-10-06T14:03:33.285Z 8: window.close win1
2023-10-06T14:03:33.299Z 9: webContents.destroyed web1
2023-10-06T14:03:33.301Z 10: window.closed win1
2023-10-06T14:04:06.887Z 11: window.close win2
2023-10-06T14:04:06.922Z 12: webContents.destroyed web2
2023-10-06T14:05:10.529Z 0: 

----------------------------------------------
2023-10-06T14:05:10.538Z 1: Discord starting: {"releaseChannel":"stable","version":"0.0.30"}, modulepath: /home/talin/.config/discord/0.0.30/modules
2023-10-06T14:05:10.540Z 2: ✅ webContents.created web1 ""
2023-10-06T14:05:10.541Z 3: ✅ window.created win1 "discord"
2023-10-06T14:05:10.755Z 4: ✅ webContents.did-finish-load web1
2023-10-06T14:05:11.254Z 5: ✅ webContents.created web2 ""
2023-10-06T14:05:11.267Z 6: ✅ window.created win2 "Discord"
2023-10-06T14:05:14.848Z 7: ✅ webContents.did-finish-load web2
2023-10-06T14:05:14.944Z 8: window.close win1
2023-10-06T14:05:14.966Z 9: webContents.destroyed web1
2023-10-06T14:05:14.968Z 10: window.closed win1
