2023-10-05 15:16:08.464 [info] Log level: Info
2023-10-05 15:16:08.464 [info] Validating found git in: "git"
2023-10-05 15:16:08.464 [info] Using git "2.42.0" from "git"
2023-10-05 15:16:08.464 [info] > git rev-parse --show-toplevel [3ms]
2023-10-05 15:16:08.464 [info] > git rev-parse --git-dir --git-common-dir [5ms]
2023-10-05 15:16:08.464 [info] Open repository: /home/talin/nixos-config
2023-10-05 15:16:08.466 [info] > git rev-parse --show-toplevel [38ms]
2023-10-05 15:16:08.467 [info] > git config --get commit.template [50ms]
2023-10-05 15:16:08.506 [info] > git for-each-ref --format=%(refname)%00%(upstream:short)%00%(objectname)%00%(upstream:track)%00%(upstream:remotename)%00%(upstream:remoteref) refs/heads/master refs/remotes/master [2ms]
2023-10-05 15:16:08.514 [info] > git rev-parse --show-toplevel [16ms]
2023-10-05 15:16:08.521 [info] > git status -z -uall [7ms]
2023-10-05 15:16:08.532 [info] > git rev-parse --show-toplevel [13ms]
2023-10-05 15:16:08.535 [info] > git config --get commit.template [4ms]
2023-10-05 15:16:08.543 [info] > git for-each-ref --format=%(refname)%00%(upstream:short)%00%(objectname)%00%(upstream:track)%00%(upstream:remotename)%00%(upstream:remoteref) refs/heads/master refs/remotes/master [2ms]
2023-10-05 15:16:08.552 [info] > git status -z -uall [3ms]
2023-10-05 15:16:09.001 [info] > git check-ignore -v -z --stdin [5ms]
2023-10-05 15:16:16.071 [info] > git show --textconv :home-manager/talin.nix [24ms]
2023-10-05 15:16:16.077 [info] > git ls-files --stage -- /home/talin/nixos-config/home-manager/talin.nix [8ms]
2023-10-05 15:16:16.101 [info] > git cat-file -s 39eb0f149ac2ecb1d50a3350f205a667b4d9fde8 [5ms]
2023-10-05 15:16:28.543 [info] > git config --get commit.template [15ms]
2023-10-05 15:16:28.544 [info] > git for-each-ref --format=%(refname)%00%(upstream:short)%00%(objectname)%00%(upstream:track)%00%(upstream:remotename)%00%(upstream:remoteref) refs/heads/master refs/remotes/master [3ms]
2023-10-05 15:16:28.568 [info] > git status -z -uall [6ms]
2023-10-05 15:17:46.323 [info] > git config --get commit.template [17ms]
2023-10-05 15:17:46.329 [info] > git for-each-ref --format=%(refname)%00%(upstream:short)%00%(objectname)%00%(upstream:track)%00%(upstream:remotename)%00%(upstream:remoteref) refs/heads/master refs/remotes/master [7ms]
2023-10-05 15:17:46.346 [info] > git status -z -uall [7ms]
