2023-08-16 13:16:24.699 [warning] Via 'product.json#extensionEnabledApiProposals' extension 'ms-vscode.vscode-selfhost-test-provider' wants API proposal 'testContinuousRun' but that proposal DOES NOT EXIST. Likely, the proposal has been finalized (check 'vscode.d.ts') or was abandoned.
2023-08-16 13:16:27.140 [error] [text file model] handleSaveError(0) - exit - resulted in a save error: Error: Unable to write file '/home/talin/nixos-config/configuration.nix' (NoPermissions (FileSystemError): Error: EACCES: permission denied, open '/home/talin/nixos-config/configuration.nix') file:///home/talin/nixos-config/configuration.nix
2023-08-16 13:16:28.453 [info] [perf] Render performance baseline is 54ms
2023-08-16 13:17:01.090 [warning] [File Watcher (parcel)] Watcher shutdown because watched path got deleted (path: /home/talin/nixos-config)
2023-08-16 13:18:04.908 [warning] [File Watcher (parcel)] Watcher restarts because watched path got created again (path: /home/talin/nixos-config)
2023-08-16 13:20:54.673 [error] Unable to read file '/home/talin/nixos-config/configuration.nix' (Error: Unable to resolve nonexistent file '/home/talin/nixos-config/configuration.nix'): Error: Unable to read file '/home/talin/nixos-config/configuration.nix' (Error: Unable to resolve nonexistent file '/home/talin/nixos-config/configuration.nix')
    at e.FileService.restoreReadError (vscode-file://vscode-app/nix/store/7q295w0ir191kwpiqr55kc6k26ivwsch-vscodium-1.78.2.23132/lib/vscode/resources/app/out/vs/workbench/workbench.desktop.main.js:624:21637)
    at e.FileService.doReadFileStream (vscode-file://vscode-app/nix/store/7q295w0ir191kwpiqr55kc6k26ivwsch-vscodium-1.78.2.23132/lib/vscode/resources/app/out/vs/workbench/workbench.desktop.main.js:624:21255)
    at async e.NativeTextFileService.doRead (vscode-file://vscode-app/nix/store/7q295w0ir191kwpiqr55kc6k26ivwsch-vscodium-1.78.2.23132/lib/vscode/resources/app/out/vs/workbench/workbench.desktop.main.js:2313:47356)
    at async e.NativeTextFileService.readStream (vscode-file://vscode-app/nix/store/7q295w0ir191kwpiqr55kc6k26ivwsch-vscodium-1.78.2.23132/lib/vscode/resources/app/out/vs/workbench/workbench.desktop.main.js:2313:47031)
    at async Ur.resolveFromFile (vscode-file://vscode-app/nix/store/7q295w0ir191kwpiqr55kc6k26ivwsch-vscodium-1.78.2.23132/lib/vscode/resources/app/out/vs/workbench/workbench.desktop.main.js:2304:60251)
    at async Ur.resolve (vscode-file://vscode-app/nix/store/7q295w0ir191kwpiqr55kc6k26ivwsch-vscodium-1.78.2.23132/lib/vscode/resources/app/out/vs/workbench/workbench.desktop.main.js:2304:58343)
    at async vscode-file://vscode-app/nix/store/7q295w0ir191kwpiqr55kc6k26ivwsch-vscodium-1.78.2.23132/lib/vscode/resources/app/out/vs/workbench/workbench.desktop.main.js:2313:41498
2023-08-16 13:20:54.675 [error] Error: The editor could not be opened because the file was not found.
    at ld.handleSetInputError (vscode-file://vscode-app/nix/store/7q295w0ir191kwpiqr55kc6k26ivwsch-vscodium-1.78.2.23132/lib/vscode/resources/app/out/vs/workbench/workbench.desktop.main.js:2291:99089)
    at async ld.setInput (vscode-file://vscode-app/nix/store/7q295w0ir191kwpiqr55kc6k26ivwsch-vscodium-1.78.2.23132/lib/vscode/resources/app/out/vs/workbench/workbench.desktop.main.js:2291:97952)
    at async e.EditorPanes.doSetInput (vscode-file://vscode-app/nix/store/7q295w0ir191kwpiqr55kc6k26ivwsch-vscodium-1.78.2.23132/lib/vscode/resources/app/out/vs/workbench/workbench.desktop.main.js:2289:31746)
    at async e.EditorPanes.doOpenEditor (vscode-file://vscode-app/nix/store/7q295w0ir191kwpiqr55kc6k26ivwsch-vscodium-1.78.2.23132/lib/vscode/resources/app/out/vs/workbench/workbench.desktop.main.js:2289:29665)
    at async e.EditorPanes.openEditor (vscode-file://vscode-app/nix/store/7q295w0ir191kwpiqr55kc6k26ivwsch-vscodium-1.78.2.23132/lib/vscode/resources/app/out/vs/workbench/workbench.desktop.main.js:2289:28413)
    at async vscode-file://vscode-app/nix/store/7q295w0ir191kwpiqr55kc6k26ivwsch-vscodium-1.78.2.23132/lib/vscode/resources/app/out/vs/workbench/workbench.desktop.main.js:2468:16825
2023-08-16 13:24:14.457 [error] [text file model] handleSaveError(0) - exit - resulted in a save error: Error: Unable to write file '/home/talin/nixos-config/configuration.nix' (NoPermissions (FileSystemError): Error: EACCES: permission denied, open '/home/talin/nixos-config/configuration.nix') file:///home/talin/nixos-config/configuration.nix
2023-08-16 13:28:06.093 [warning] [File Watcher (parcel)] Watcher shutdown because watched path got deleted (path: /home/talin/nixos-config)
2023-08-16 13:28:57.483 [warning] [File Watcher (parcel)] Watcher restarts because watched path got created again (path: /home/talin/nixos-config)
2023-08-16 13:29:12.217 [error] [text file model] handleSaveError(1) - exit - resulted in a save error: Error: Unable to write file '/home/talin/nixos-config/configuration.nix' (NoPermissions (FileSystemError): Error: EACCES: permission denied, open '/home/talin/nixos-config/configuration.nix') file:///home/talin/nixos-config/configuration.nix
2023-08-16 13:29:29.685 [error] Error: Unable to write file '/home/talin/nixos-config/test.txt' (NoPermissions (FileSystemError): Error: EACCES: permission denied, open '/home/talin/nixos-config/test.txt')
    at e.FileService.writeFile (vscode-file://vscode-app/nix/store/7q295w0ir191kwpiqr55kc6k26ivwsch-vscodium-1.78.2.23132/lib/vscode/resources/app/out/vs/workbench/workbench.desktop.main.js:624:19254)
    at async e.FileService.createFile (vscode-file://vscode-app/nix/store/7q295w0ir191kwpiqr55kc6k26ivwsch-vscodium-1.78.2.23132/lib/vscode/resources/app/out/vs/workbench/workbench.desktop.main.js:624:18407)
    at async Promise.all (index 0)
    at async Object.q [as settled] (vscode-file://vscode-app/nix/store/7q295w0ir191kwpiqr55kc6k26ivwsch-vscodium-1.78.2.23132/lib/vscode/resources/app/out/vs/workbench/workbench.desktop.main.js:97:23997)
    at async e.WorkingCopyFileService.doCreateFileOrFolder (vscode-file://vscode-app/nix/store/7q295w0ir191kwpiqr55kc6k26ivwsch-vscodium-1.78.2.23132/lib/vscode/resources/app/out/vs/workbench/workbench.desktop.main.js:2307:31600)
    at async u.perform (vscode-file://vscode-app/nix/store/7q295w0ir191kwpiqr55kc6k26ivwsch-vscodium-1.78.2.23132/lib/vscode/resources/app/out/vs/workbench/workbench.desktop.main.js:2313:23732)
    at async e.BulkFileEdits.apply (vscode-file://vscode-app/nix/store/7q295w0ir191kwpiqr55kc6k26ivwsch-vscodium-1.78.2.23132/lib/vscode/resources/app/out/vs/workbench/workbench.desktop.main.js:2313:27193)
    at async m._performFileEdits (vscode-file://vscode-app/nix/store/7q295w0ir191kwpiqr55kc6k26ivwsch-vscodium-1.78.2.23132/lib/vscode/resources/app/out/vs/workbench/workbench.desktop.main.js:2313:29684)
    at async m.perform (vscode-file://vscode-app/nix/store/7q295w0ir191kwpiqr55kc6k26ivwsch-vscodium-1.78.2.23132/lib/vscode/resources/app/out/vs/workbench/workbench.desktop.main.js:2313:29188)
    at async e.BulkEditService.apply (vscode-file://vscode-app/nix/store/7q295w0ir191kwpiqr55kc6k26ivwsch-vscodium-1.78.2.23132/lib/vscode/resources/app/out/vs/workbench/workbench.desktop.main.js:2313:31704)
    at async vscode-file://vscode-app/nix/store/7q295w0ir191kwpiqr55kc6k26ivwsch-vscodium-1.78.2.23132/lib/vscode/resources/app/out/vs/workbench/workbench.desktop.main.js:1544:39338
2023-08-16 13:29:29.687 [error] Unable to write file '/home/talin/nixos-config/test.txt' (NoPermissions (FileSystemError): Error: EACCES: permission denied, open '/home/talin/nixos-config/test.txt'): Error: Unable to write file '/home/talin/nixos-config/test.txt' (NoPermissions (FileSystemError): Error: EACCES: permission denied, open '/home/talin/nixos-config/test.txt')
    at e.FileService.writeFile (vscode-file://vscode-app/nix/store/7q295w0ir191kwpiqr55kc6k26ivwsch-vscodium-1.78.2.23132/lib/vscode/resources/app/out/vs/workbench/workbench.desktop.main.js:624:19254)
    at async e.FileService.createFile (vscode-file://vscode-app/nix/store/7q295w0ir191kwpiqr55kc6k26ivwsch-vscodium-1.78.2.23132/lib/vscode/resources/app/out/vs/workbench/workbench.desktop.main.js:624:18407)
    at async Promise.all (index 0)
    at async Object.q [as settled] (vscode-file://vscode-app/nix/store/7q295w0ir191kwpiqr55kc6k26ivwsch-vscodium-1.78.2.23132/lib/vscode/resources/app/out/vs/workbench/workbench.desktop.main.js:97:23997)
    at async e.WorkingCopyFileService.doCreateFileOrFolder (vscode-file://vscode-app/nix/store/7q295w0ir191kwpiqr55kc6k26ivwsch-vscodium-1.78.2.23132/lib/vscode/resources/app/out/vs/workbench/workbench.desktop.main.js:2307:31600)
    at async u.perform (vscode-file://vscode-app/nix/store/7q295w0ir191kwpiqr55kc6k26ivwsch-vscodium-1.78.2.23132/lib/vscode/resources/app/out/vs/workbench/workbench.desktop.main.js:2313:23732)
    at async e.BulkFileEdits.apply (vscode-file://vscode-app/nix/store/7q295w0ir191kwpiqr55kc6k26ivwsch-vscodium-1.78.2.23132/lib/vscode/resources/app/out/vs/workbench/workbench.desktop.main.js:2313:27193)
    at async m._performFileEdits (vscode-file://vscode-app/nix/store/7q295w0ir191kwpiqr55kc6k26ivwsch-vscodium-1.78.2.23132/lib/vscode/resources/app/out/vs/workbench/workbench.desktop.main.js:2313:29684)
    at async m.perform (vscode-file://vscode-app/nix/store/7q295w0ir191kwpiqr55kc6k26ivwsch-vscodium-1.78.2.23132/lib/vscode/resources/app/out/vs/workbench/workbench.desktop.main.js:2313:29188)
    at async e.BulkEditService.apply (vscode-file://vscode-app/nix/store/7q295w0ir191kwpiqr55kc6k26ivwsch-vscodium-1.78.2.23132/lib/vscode/resources/app/out/vs/workbench/workbench.desktop.main.js:2313:31704)
    at async vscode-file://vscode-app/nix/store/7q295w0ir191kwpiqr55kc6k26ivwsch-vscodium-1.78.2.23132/lib/vscode/resources/app/out/vs/workbench/workbench.desktop.main.js:1544:39338
2023-08-16 13:39:03.486 [error] [text file model] handleSaveError(11) - exit - resulted in a save error: Error: Unable to write file '/home/talin/nixos-config/configuration.nix' (NoPermissions (FileSystemError): Error: EACCES: permission denied, open '/home/talin/nixos-config/configuration.nix') file:///home/talin/nixos-config/configuration.nix
2023-08-16 13:39:17.910 [error] [text file model] handleSaveError(11) - exit - resulted in a save error: Error: Unable to write file '/home/talin/nixos-config/configuration.nix' (NoPermissions (FileSystemError): Error: EACCES: permission denied, open '/home/talin/nixos-config/configuration.nix') file:///home/talin/nixos-config/configuration.nix
