2023-10-05 13:55:27.082 [info] [perf] Render performance baseline is 40ms
2023-10-05 14:18:47.968 [error] Unable to read file '/home/talin/.config/misc/PopupWindow.js' (Error: Unable to resolve nonexistent file '/home/talin/.config/misc/PopupWindow.js'): Error: Unable to read file '/home/talin/.config/misc/PopupWindow.js' (Error: Unable to resolve nonexistent file '/home/talin/.config/misc/PopupWindow.js')
    at r.w (vscode-file://vscode-app/nix/store/pni4jilmjrh98j9xlnmp84z74fpy0vgh-vscode-1.82.2/lib/vscode/resources/app/out/vs/workbench/workbench.desktop.main.js:630:16409)
    at r.v (vscode-file://vscode-app/nix/store/pni4jilmjrh98j9xlnmp84z74fpy0vgh-vscode-1.82.2/lib/vscode/resources/app/out/vs/workbench/workbench.desktop.main.js:630:16204)
    at async b.H (vscode-file://vscode-app/nix/store/pni4jilmjrh98j9xlnmp84z74fpy0vgh-vscode-1.82.2/lib/vscode/resources/app/out/vs/workbench/workbench.desktop.main.js:2340:37067)
    at async b.readStream (vscode-file://vscode-app/nix/store/pni4jilmjrh98j9xlnmp84z74fpy0vgh-vscode-1.82.2/lib/vscode/resources/app/out/vs/workbench/workbench.desktop.main.js:2340:36824)
    at async L.zb (vscode-file://vscode-app/nix/store/pni4jilmjrh98j9xlnmp84z74fpy0vgh-vscode-1.82.2/lib/vscode/resources/app/out/vs/workbench/workbench.desktop.main.js:2329:29196)
    at async L.resolve (vscode-file://vscode-app/nix/store/pni4jilmjrh98j9xlnmp84z74fpy0vgh-vscode-1.82.2/lib/vscode/resources/app/out/vs/workbench/workbench.desktop.main.js:2329:27643)
    at async r.P (vscode-file://vscode-app/nix/store/pni4jilmjrh98j9xlnmp84z74fpy0vgh-vscode-1.82.2/lib/vscode/resources/app/out/vs/workbench/workbench.desktop.main.js:2340:33219)
    at async o.m (vscode-file://vscode-app/nix/store/pni4jilmjrh98j9xlnmp84z74fpy0vgh-vscode-1.82.2/lib/vscode/resources/app/out/vs/workbench/workbench.desktop.main.js:2329:37329)
    at async d.acquire (vscode-file://vscode-app/nix/store/pni4jilmjrh98j9xlnmp84z74fpy0vgh-vscode-1.82.2/lib/vscode/resources/app/out/vs/workbench/workbench.desktop.main.js:20:30395)
    at async u.createModelReference (vscode-file://vscode-app/nix/store/pni4jilmjrh98j9xlnmp84z74fpy0vgh-vscode-1.82.2/lib/vscode/resources/app/out/vs/workbench/workbench.desktop.main.js:2329:38892)
2023-10-05 14:19:10.540 [error] Unable to read file '/home/talin/.config/ags/applauncher.js' (Error: Unable to resolve nonexistent file '/home/talin/.config/ags/applauncher.js'): Error: Unable to read file '/home/talin/.config/ags/applauncher.js' (Error: Unable to resolve nonexistent file '/home/talin/.config/ags/applauncher.js')
    at r.w (vscode-file://vscode-app/nix/store/pni4jilmjrh98j9xlnmp84z74fpy0vgh-vscode-1.82.2/lib/vscode/resources/app/out/vs/workbench/workbench.desktop.main.js:630:16409)
    at r.v (vscode-file://vscode-app/nix/store/pni4jilmjrh98j9xlnmp84z74fpy0vgh-vscode-1.82.2/lib/vscode/resources/app/out/vs/workbench/workbench.desktop.main.js:630:16204)
    at async b.H (vscode-file://vscode-app/nix/store/pni4jilmjrh98j9xlnmp84z74fpy0vgh-vscode-1.82.2/lib/vscode/resources/app/out/vs/workbench/workbench.desktop.main.js:2340:37067)
    at async b.readStream (vscode-file://vscode-app/nix/store/pni4jilmjrh98j9xlnmp84z74fpy0vgh-vscode-1.82.2/lib/vscode/resources/app/out/vs/workbench/workbench.desktop.main.js:2340:36824)
    at async L.zb (vscode-file://vscode-app/nix/store/pni4jilmjrh98j9xlnmp84z74fpy0vgh-vscode-1.82.2/lib/vscode/resources/app/out/vs/workbench/workbench.desktop.main.js:2329:29196)
    at async L.resolve (vscode-file://vscode-app/nix/store/pni4jilmjrh98j9xlnmp84z74fpy0vgh-vscode-1.82.2/lib/vscode/resources/app/out/vs/workbench/workbench.desktop.main.js:2329:27643)
    at async vscode-file://vscode-app/nix/store/pni4jilmjrh98j9xlnmp84z74fpy0vgh-vscode-1.82.2/lib/vscode/resources/app/out/vs/workbench/workbench.desktop.main.js:2340:32937
