2023-08-16 13:16:25.725 [info] Log level: Info
2023-08-16 13:16:25.725 [info] Validating found git in: "git"
2023-08-16 13:16:25.725 [info] Using git "2.40.1" from "git"
2023-08-16 13:16:25.725 [info] > git rev-parse --show-toplevel [11ms]
2023-08-16 13:16:25.725 [info] fatal: not a git repository (or any of the parent directories): .git
2023-08-16 13:16:25.725 [info] > git rev-parse --show-toplevel [4ms]
2023-08-16 13:16:25.725 [info] fatal: not a git repository (or any of the parent directories): .git
2023-08-16 13:16:25.725 [info] > git rev-parse --show-toplevel [2ms]
2023-08-16 13:16:25.725 [info] fatal: not a git repository (or any of the parent directories): .git
2023-08-16 13:16:25.725 [info] > git rev-parse --show-toplevel [9ms]
2023-08-16 13:16:25.725 [info] fatal: not a git repository (or any of the parent directories): .git
2023-08-16 13:16:26.013 [info] > git rev-parse --show-toplevel [2ms]
2023-08-16 13:16:26.013 [info] fatal: not a git repository (or any of the parent directories): .git
2023-08-16 13:16:26.259 [info] > git rev-parse --show-toplevel [3ms]
2023-08-16 13:16:26.259 [info] fatal: not a git repository (or any of the parent directories): .git
2023-08-16 13:21:09.164 [info] > git rev-parse --show-toplevel [1ms]
2023-08-16 13:21:09.164 [info] fatal: not a git repository (or any of the parent directories): .git
2023-08-16 13:24:12.921 [info] > git rev-parse --show-toplevel [1ms]
2023-08-16 13:24:12.922 [info] fatal: not a git repository (or any of the parent directories): .git
2023-08-16 13:29:10.998 [info] > git rev-parse --show-toplevel [1ms]
2023-08-16 13:29:10.998 [info] fatal: not a git repository (or any of the parent directories): .git
2023-08-16 13:29:11.274 [info] > git rev-parse --show-toplevel [1ms]
2023-08-16 13:29:11.274 [info] fatal: not a git repository (or any of the parent directories): .git
2023-08-16 13:35:32.193 [info] > git rev-parse --show-toplevel [1ms]
2023-08-16 13:35:32.193 [info] fatal: not a git repository (or any of the parent directories): .git
2023-08-16 13:35:45.220 [info] > git rev-parse --show-toplevel [2ms]
2023-08-16 13:35:45.220 [info] fatal: not a git repository (or any of the parent directories): .git
2023-08-16 13:36:04.654 [info] > git rev-parse --show-toplevel [1ms]
2023-08-16 13:36:04.654 [info] fatal: not a git repository (or any of the parent directories): .git
2023-08-16 13:36:13.759 [info] > git rev-parse --show-toplevel [1ms]
2023-08-16 13:36:13.759 [info] fatal: detected dubious ownership in repository at '/etc/nixos'
To add an exception for this directory, call:

	git config --global --add safe.directory /etc/nixos
2023-08-16 13:39:09.090 [info] > git rev-parse --show-toplevel [1ms]
2023-08-16 13:39:09.090 [info] fatal: detected dubious ownership in repository at '/etc/nixos'
To add an exception for this directory, call:

	git config --global --add safe.directory /etc/nixos
2023-08-16 13:39:17.475 [info] > git rev-parse --show-toplevel [1ms]
2023-08-16 13:39:17.475 [info] fatal: detected dubious ownership in repository at '/etc/nixos'
To add an exception for this directory, call:

	git config --global --add safe.directory /etc/nixos
2023-08-16 13:39:26.211 [info] > git rev-parse --show-toplevel [1ms]
2023-08-16 13:39:26.211 [info] fatal: detected dubious ownership in repository at '/etc/nixos'
To add an exception for this directory, call:

	git config --global --add safe.directory /etc/nixos
2023-08-16 13:52:29.014 [info] > git rev-parse --show-toplevel [0ms]
2023-08-16 13:52:29.014 [info] fatal: detected dubious ownership in repository at '/etc/nixos'
To add an exception for this directory, call:

	git config --global --add safe.directory /etc/nixos
2023-08-16 13:52:46.228 [info] > git rev-parse --show-toplevel [1ms]
2023-08-16 13:52:46.228 [info] fatal: detected dubious ownership in repository at '/etc/nixos'
To add an exception for this directory, call:

	git config --global --add safe.directory /etc/nixos
2023-08-16 13:58:43.645 [info] > git rev-parse --show-toplevel [1ms]
2023-08-16 13:58:43.645 [info] fatal: detected dubious ownership in repository at '/etc/nixos'
To add an exception for this directory, call:

	git config --global --add safe.directory /etc/nixos
