2023-10-05 12:09:17.670 [info] Log level: Info
2023-10-05 12:09:17.670 [info] Validating found git in: "git"
2023-10-05 12:09:17.670 [info] Using git "2.42.0" from "git"
2023-10-05 12:09:17.670 [info] > git rev-parse --show-toplevel [3ms]
2023-10-05 12:09:17.670 [info] > git rev-parse --git-dir --git-common-dir [3ms]
2023-10-05 12:09:17.670 [info] Open repository: /home/talin/nixos-config
2023-10-05 12:09:17.674 [info] > git rev-parse --show-toplevel [12ms]
2023-10-05 12:09:17.676 [info] > git config --get commit.template [22ms]
2023-10-05 12:09:17.759 [info] > git rev-parse --show-toplevel [18ms]
2023-10-05 12:09:17.763 [info] > git for-each-ref --format=%(refname)%00%(upstream:short)%00%(objectname)%00%(upstream:track)%00%(upstream:remotename)%00%(upstream:remoteref) refs/heads/master refs/remotes/master [6ms]
2023-10-05 12:09:17.787 [info] > git status -z -uall [14ms]
2023-10-05 12:09:17.808 [info] > git config --get commit.template [1ms]
2023-10-05 12:09:17.942 [info] > git for-each-ref --format=%(refname)%00%(upstream:short)%00%(objectname)%00%(upstream:track)%00%(upstream:remotename)%00%(upstream:remoteref) refs/heads/master refs/remotes/master [54ms]
2023-10-05 12:09:17.952 [info] > git status -z -uall [4ms]
2023-10-05 12:09:18.194 [info] > git check-ignore -v -z --stdin [8ms]
2023-10-05 12:09:18.311 [info] > git show --textconv :configuration.nix [6ms]
2023-10-05 12:09:18.313 [info] > git ls-files --stage -- /home/talin/nixos-config/configuration.nix [2ms]
2023-10-05 12:09:18.319 [info] > git cat-file -s 3e42ebb207adde7622c6cdc863cc671f11895928 [1ms]
2023-10-05 12:11:44.199 [info] > git show --textconv :home-manager/talin.nix [12ms]
2023-10-05 12:11:44.202 [info] > git ls-files --stage -- /home/talin/nixos-config/home-manager/talin.nix [8ms]
2023-10-05 12:11:44.211 [info] > git cat-file -s fe12beecd48cdd678303563041f34c156c07b08f [1ms]
2023-10-05 12:11:51.618 [info] > git config --get commit.template [17ms]
2023-10-05 12:11:51.618 [info] > git for-each-ref --format=%(refname)%00%(upstream:short)%00%(objectname)%00%(upstream:track)%00%(upstream:remotename)%00%(upstream:remoteref) refs/heads/master refs/remotes/master [1ms]
2023-10-05 12:11:51.625 [info] > git status -z -uall [2ms]
2023-10-05 12:11:56.674 [info] > git config --get commit.template [23ms]
2023-10-05 12:11:56.676 [info] > git for-each-ref --format=%(refname)%00%(upstream:short)%00%(objectname)%00%(upstream:track)%00%(upstream:remotename)%00%(upstream:remoteref) refs/heads/master refs/remotes/master [5ms]
2023-10-05 12:11:56.693 [info] > git status -z -uall [4ms]
2023-10-05 12:12:17.084 [info] > git config --get commit.template [11ms]
2023-10-05 12:12:17.085 [info] > git for-each-ref --format=%(refname)%00%(upstream:short)%00%(objectname)%00%(upstream:track)%00%(upstream:remotename)%00%(upstream:remoteref) refs/heads/master refs/remotes/master [2ms]
2023-10-05 12:12:17.094 [info] > git status -z -uall [3ms]
