2023-08-16 12:59:29.752 [warning] Via 'product.json#extensionEnabledApiProposals' extension 'ms-vscode.vscode-selfhost-test-provider' wants API proposal 'testContinuousRun' but that proposal DOES NOT EXIST. Likely, the proposal has been finalized (check 'vscode.d.ts') or was abandoned.
2023-08-16 12:59:33.256 [info] [perf] Render performance baseline is 57ms
2023-08-16 13:01:25.551 [error] Error: Server returned 500
    at r (vscode-file://vscode-app/nix/store/7q295w0ir191kwpiqr55kc6k26ivwsch-vscodium-1.78.2.23132/lib/vscode/resources/app/out/vs/workbench/workbench.desktop.main.js:651:70548)
    at e.ExtensionGalleryService.queryRawGalleryExtensions (vscode-file://vscode-app/nix/store/7q295w0ir191kwpiqr55kc6k26ivwsch-vscodium-1.78.2.23132/lib/vscode/resources/app/out/vs/workbench/workbench.desktop.main.js:750:236551)
    at async e.ExtensionGalleryService.queryGalleryExtensions (vscode-file://vscode-app/nix/store/7q295w0ir191kwpiqr55kc6k26ivwsch-vscodium-1.78.2.23132/lib/vscode/resources/app/out/vs/workbench/workbench.desktop.main.js:750:233487)
    at async ie (vscode-file://vscode-app/nix/store/7q295w0ir191kwpiqr55kc6k26ivwsch-vscodium-1.78.2.23132/lib/vscode/resources/app/out/vs/workbench/workbench.desktop.main.js:750:232450)
    at async e.ExtensionGalleryService.query (vscode-file://vscode-app/nix/store/7q295w0ir191kwpiqr55kc6k26ivwsch-vscodium-1.78.2.23132/lib/vscode/resources/app/out/vs/workbench/workbench.desktop.main.js:750:232691)
    at async Vo.queryGallery (vscode-file://vscode-app/nix/store/7q295w0ir191kwpiqr55kc6k26ivwsch-vscodium-1.78.2.23132/lib/vscode/resources/app/out/vs/workbench/workbench.desktop.main.js:2590:16651)
    at async ne.queryGallery (vscode-file://vscode-app/nix/store/7q295w0ir191kwpiqr55kc6k26ivwsch-vscodium-1.78.2.23132/lib/vscode/resources/app/out/vs/workbench/workbench.desktop.main.js:2586:18617)
    at async ne.query (vscode-file://vscode-app/nix/store/7q295w0ir191kwpiqr55kc6k26ivwsch-vscodium-1.78.2.23132/lib/vscode/resources/app/out/vs/workbench/workbench.desktop.main.js:2586:8366)
    at async vscode-file://vscode-app/nix/store/7q295w0ir191kwpiqr55kc6k26ivwsch-vscodium-1.78.2.23132/lib/vscode/resources/app/out/vs/workbench/workbench.desktop.main.js:2586:6303
2023-08-16 13:01:27.348 [error] Error: Server returned 500
    at r (vscode-file://vscode-app/nix/store/7q295w0ir191kwpiqr55kc6k26ivwsch-vscodium-1.78.2.23132/lib/vscode/resources/app/out/vs/workbench/workbench.desktop.main.js:651:70548)
    at e.ExtensionGalleryService.queryRawGalleryExtensions (vscode-file://vscode-app/nix/store/7q295w0ir191kwpiqr55kc6k26ivwsch-vscodium-1.78.2.23132/lib/vscode/resources/app/out/vs/workbench/workbench.desktop.main.js:750:236551)
    at async e.ExtensionGalleryService.queryGalleryExtensions (vscode-file://vscode-app/nix/store/7q295w0ir191kwpiqr55kc6k26ivwsch-vscodium-1.78.2.23132/lib/vscode/resources/app/out/vs/workbench/workbench.desktop.main.js:750:233487)
    at async ie (vscode-file://vscode-app/nix/store/7q295w0ir191kwpiqr55kc6k26ivwsch-vscodium-1.78.2.23132/lib/vscode/resources/app/out/vs/workbench/workbench.desktop.main.js:750:232450)
    at async e.ExtensionGalleryService.query (vscode-file://vscode-app/nix/store/7q295w0ir191kwpiqr55kc6k26ivwsch-vscodium-1.78.2.23132/lib/vscode/resources/app/out/vs/workbench/workbench.desktop.main.js:750:232691)
    at async Vo.queryGallery (vscode-file://vscode-app/nix/store/7q295w0ir191kwpiqr55kc6k26ivwsch-vscodium-1.78.2.23132/lib/vscode/resources/app/out/vs/workbench/workbench.desktop.main.js:2590:16651)
    at async Ie.queryGallery (vscode-file://vscode-app/nix/store/7q295w0ir191kwpiqr55kc6k26ivwsch-vscodium-1.78.2.23132/lib/vscode/resources/app/out/vs/workbench/workbench.desktop.main.js:2586:18617)
    at async Ie.query (vscode-file://vscode-app/nix/store/7q295w0ir191kwpiqr55kc6k26ivwsch-vscodium-1.78.2.23132/lib/vscode/resources/app/out/vs/workbench/workbench.desktop.main.js:2586:8366)
    at async vscode-file://vscode-app/nix/store/7q295w0ir191kwpiqr55kc6k26ivwsch-vscodium-1.78.2.23132/lib/vscode/resources/app/out/vs/workbench/workbench.desktop.main.js:2586:6303
2023-08-16 13:11:29.928 [error] [text file model] handleSaveError(267) - exit - resulted in a save error: Error: Unable to write file '/home/talin/nixos-config/configuration.nix' (NoPermissions (FileSystemError): Error: EACCES: permission denied, open '/home/talin/nixos-config/configuration.nix') file:///home/talin/nixos-config/configuration.nix
2023-08-16 13:11:38.542 [error] [text file model] handleSaveError(267) - exit - resulted in a save error: Error: Unable to write file '/home/talin/nixos-config/configuration.nix' (NoPermissions (FileSystemError): Error: EACCES: permission denied, open '/home/talin/nixos-config/configuration.nix') file:///home/talin/nixos-config/configuration.nix
2023-08-16 13:11:40.089 [error] [text file model] handleSaveError(267) - exit - resulted in a save error: Error: No polkit authentication agent found. file:///home/talin/nixos-config/configuration.nix
2023-08-16 13:11:42.034 [error] [text file model] handleSaveError(267) - exit - resulted in a save error: Error: Unable to write file '/home/talin/nixos-config/configuration.nix' (NoPermissions (FileSystemError): Error: EACCES: permission denied, open '/home/talin/nixos-config/configuration.nix') file:///home/talin/nixos-config/configuration.nix
2023-08-16 13:14:12.116 [error] [text file model] handleSaveError(267) - exit - resulted in a save error: Error: Unable to write file '/home/talin/nixos-config/configuration.nix' (NoPermissions (FileSystemError): Error: EACCES: permission denied, open '/home/talin/nixos-config/configuration.nix') file:///home/talin/nixos-config/configuration.nix
2023-08-16 13:14:13.376 [error] [text file model] handleSaveError(267) - exit - resulted in a save error: Error: Unable to write file '/home/talin/nixos-config/configuration.nix' (NoPermissions (FileSystemError): Error: EACCES: permission denied, open '/home/talin/nixos-config/configuration.nix') file:///home/talin/nixos-config/configuration.nix
2023-08-16 13:14:13.590 [error] [text file model] handleSaveError(267) - exit - resulted in a save error: Error: Unable to write file '/home/talin/nixos-config/configuration.nix' (NoPermissions (FileSystemError): Error: EACCES: permission denied, open '/home/talin/nixos-config/configuration.nix') file:///home/talin/nixos-config/configuration.nix
2023-08-16 13:14:13.807 [error] [text file model] handleSaveError(267) - exit - resulted in a save error: Error: Unable to write file '/home/talin/nixos-config/configuration.nix' (NoPermissions (FileSystemError): Error: EACCES: permission denied, open '/home/talin/nixos-config/configuration.nix') file:///home/talin/nixos-config/configuration.nix
2023-08-16 13:14:13.999 [error] [text file model] handleSaveError(267) - exit - resulted in a save error: Error: Unable to write file '/home/talin/nixos-config/configuration.nix' (NoPermissions (FileSystemError): Error: EACCES: permission denied, open '/home/talin/nixos-config/configuration.nix') file:///home/talin/nixos-config/configuration.nix
2023-08-16 13:14:14.186 [error] [text file model] handleSaveError(267) - exit - resulted in a save error: Error: Unable to write file '/home/talin/nixos-config/configuration.nix' (NoPermissions (FileSystemError): Error: EACCES: permission denied, open '/home/talin/nixos-config/configuration.nix') file:///home/talin/nixos-config/configuration.nix
2023-08-16 13:14:14.368 [error] [text file model] handleSaveError(267) - exit - resulted in a save error: Error: Unable to write file '/home/talin/nixos-config/configuration.nix' (NoPermissions (FileSystemError): Error: EACCES: permission denied, open '/home/talin/nixos-config/configuration.nix') file:///home/talin/nixos-config/configuration.nix
2023-08-16 13:14:14.527 [error] [text file model] handleSaveError(267) - exit - resulted in a save error: Error: Unable to write file '/home/talin/nixos-config/configuration.nix' (NoPermissions (FileSystemError): Error: EACCES: permission denied, open '/home/talin/nixos-config/configuration.nix') file:///home/talin/nixos-config/configuration.nix
2023-08-16 13:15:06.250 [error] [text file model] handleSaveError(267) - exit - resulted in a save error: Error: Unable to write file '/home/talin/nixos-config/configuration.nix' (NoPermissions (FileSystemError): Error: EACCES: permission denied, open '/home/talin/nixos-config/configuration.nix') file:///home/talin/nixos-config/configuration.nix
2023-08-16 13:15:10.569 [error] Unable to read file '/home/talin/nixos-config/configuration.nix' (Error: File not modified since): Error: Unable to read file '/home/talin/nixos-config/configuration.nix' (Error: File not modified since)
    at e.FileService.restoreReadError (vscode-file://vscode-app/nix/store/7q295w0ir191kwpiqr55kc6k26ivwsch-vscodium-1.78.2.23132/lib/vscode/resources/app/out/vs/workbench/workbench.desktop.main.js:624:21467)
    at e.FileService.doReadFileStream (vscode-file://vscode-app/nix/store/7q295w0ir191kwpiqr55kc6k26ivwsch-vscodium-1.78.2.23132/lib/vscode/resources/app/out/vs/workbench/workbench.desktop.main.js:624:21255)
    at async e.NativeTextFileService.doRead (vscode-file://vscode-app/nix/store/7q295w0ir191kwpiqr55kc6k26ivwsch-vscodium-1.78.2.23132/lib/vscode/resources/app/out/vs/workbench/workbench.desktop.main.js:2313:47356)
    at async e.NativeTextFileService.readStream (vscode-file://vscode-app/nix/store/7q295w0ir191kwpiqr55kc6k26ivwsch-vscodium-1.78.2.23132/lib/vscode/resources/app/out/vs/workbench/workbench.desktop.main.js:2313:47031)
    at async Ur.resolveFromFile (vscode-file://vscode-app/nix/store/7q295w0ir191kwpiqr55kc6k26ivwsch-vscodium-1.78.2.23132/lib/vscode/resources/app/out/vs/workbench/workbench.desktop.main.js:2304:60251)
    at async Ur.resolve (vscode-file://vscode-app/nix/store/7q295w0ir191kwpiqr55kc6k26ivwsch-vscodium-1.78.2.23132/lib/vscode/resources/app/out/vs/workbench/workbench.desktop.main.js:2304:58343)
    at async vscode-file://vscode-app/nix/store/7q295w0ir191kwpiqr55kc6k26ivwsch-vscodium-1.78.2.23132/lib/vscode/resources/app/out/vs/workbench/workbench.desktop.main.js:2313:41498
2023-08-16 13:15:12.343 [error] [text file model] handleSaveError(1) - exit - resulted in a save error: Error: Unable to write file '/home/talin/nixos-config/configuration.nix' (NoPermissions (FileSystemError): Error: EACCES: permission denied, open '/home/talin/nixos-config/configuration.nix') file:///home/talin/nixos-config/configuration.nix
2023-08-16 13:16:14.557 [error] [text file model] handleSaveError(3) - exit - resulted in a save error: Error: Unable to write file '/home/talin/nixos-config/configuration.nix' (NoPermissions (FileSystemError): Error: EACCES: permission denied, open '/home/talin/nixos-config/configuration.nix') file:///home/talin/nixos-config/configuration.nix
