2023-10-05 12:23:04.175 [info] Log level: Info
2023-10-05 12:23:04.175 [info] Validating found git in: "git"
2023-10-05 12:23:04.175 [info] Using git "2.42.0" from "git"
2023-10-05 12:23:04.175 [info] > git rev-parse --show-toplevel [10ms]
2023-10-05 12:23:04.176 [info] > git rev-parse --git-dir --git-common-dir [18ms]
2023-10-05 12:23:04.196 [info] Open repository: /home/talin/nixos-config
2023-10-05 12:23:04.240 [info] > git rev-parse --show-toplevel [17ms]
2023-10-05 12:23:04.242 [info] > git config --get commit.template [26ms]
2023-10-05 12:23:04.259 [info] > git rev-parse --show-toplevel [11ms]
2023-10-05 12:23:04.262 [info] > git for-each-ref --format=%(refname)%00%(upstream:short)%00%(objectname)%00%(upstream:track)%00%(upstream:remotename)%00%(upstream:remoteref) refs/heads/master refs/remotes/master [4ms]
2023-10-05 12:23:04.282 [info] > git status -z -uall [11ms]
2023-10-05 12:23:04.304 [info] > git config --get commit.template [5ms]
2023-10-05 12:23:04.341 [info] > git for-each-ref --format=%(refname)%00%(upstream:short)%00%(objectname)%00%(upstream:track)%00%(upstream:remotename)%00%(upstream:remoteref) refs/heads/master refs/remotes/master [29ms]
2023-10-05 12:23:04.361 [info] > git status -z -uall [12ms]
2023-10-05 12:23:04.723 [info] > git check-ignore -v -z --stdin [4ms]
2023-10-05 12:23:04.874 [info] > git show --textconv :configuration.nix [13ms]
2023-10-05 12:23:04.884 [info] > git ls-files --stage -- /home/talin/nixos-config/configuration.nix [11ms]
2023-10-05 12:23:04.892 [info] > git cat-file -s 3e42ebb207adde7622c6cdc863cc671f11895928 [2ms]
2023-10-05 12:23:14.473 [info] > git config --get commit.template [6ms]
2023-10-05 12:23:14.473 [info] > git for-each-ref --format=%(refname)%00%(upstream:short)%00%(objectname)%00%(upstream:track)%00%(upstream:remotename)%00%(upstream:remoteref) refs/heads/master refs/remotes/master [1ms]
2023-10-05 12:23:14.483 [info] > git status -z -uall [2ms]
2023-10-05 12:23:22.662 [info] > git config --get commit.template [6ms]
2023-10-05 12:23:22.662 [info] > git for-each-ref --format=%(refname)%00%(upstream:short)%00%(objectname)%00%(upstream:track)%00%(upstream:remotename)%00%(upstream:remoteref) refs/heads/master refs/remotes/master [1ms]
2023-10-05 12:23:22.669 [info] > git status -z -uall [2ms]
2023-10-05 12:27:28.785 [info] > git config --get commit.template [9ms]
2023-10-05 12:27:28.786 [info] > git for-each-ref --format=%(refname)%00%(upstream:short)%00%(objectname)%00%(upstream:track)%00%(upstream:remotename)%00%(upstream:remoteref) refs/heads/master refs/remotes/master [2ms]
2023-10-05 12:27:28.794 [info] > git status -z -uall [2ms]
2023-10-05 12:27:32.481 [info] > git show --textconv :flake.nix [11ms]
2023-10-05 12:27:32.482 [info] > git ls-files --stage -- /home/talin/nixos-config/flake.nix [2ms]
2023-10-05 12:27:32.491 [info] > git cat-file -s 5ba66d6b81bc9862f922064e48c87064ff833cb9 [3ms]
2023-10-05 12:28:27.144 [info] > git config --get commit.template [6ms]
2023-10-05 12:28:27.144 [info] > git for-each-ref --format=%(refname)%00%(upstream:short)%00%(objectname)%00%(upstream:track)%00%(upstream:remotename)%00%(upstream:remoteref) refs/heads/master refs/remotes/master [1ms]
2023-10-05 12:28:27.151 [info] > git status -z -uall [2ms]
2023-10-05 12:28:54.658 [info] > git config --get commit.template [6ms]
2023-10-05 12:28:54.659 [info] > git for-each-ref --format=%(refname)%00%(upstream:short)%00%(objectname)%00%(upstream:track)%00%(upstream:remotename)%00%(upstream:remoteref) refs/heads/master refs/remotes/master [2ms]
2023-10-05 12:28:54.669 [info] > git status -z -uall [3ms]
2023-10-05 12:28:54.764 [info] > git ls-files --stage -- /home/talin/nixos-config/configuration.nix [9ms]
2023-10-05 12:28:54.772 [info] > git cat-file -s 3e42ebb207adde7622c6cdc863cc671f11895928 [3ms]
2023-10-05 12:28:54.773 [info] > git ls-files --stage -- /home/talin/nixos-config/flake.nix [10ms]
2023-10-05 12:28:54.788 [info] > git cat-file -s 5ba66d6b81bc9862f922064e48c87064ff833cb9 [10ms]
2023-10-05 12:28:54.789 [info] > git show --textconv :configuration.nix [2ms]
2023-10-05 12:28:54.799 [info] > git show --textconv :flake.nix [2ms]
2023-10-05 12:38:59.567 [info] > git config --get commit.template [5ms]
2023-10-05 12:38:59.568 [info] > git for-each-ref --format=%(refname)%00%(upstream:short)%00%(objectname)%00%(upstream:track)%00%(upstream:remotename)%00%(upstream:remoteref) refs/heads/master refs/remotes/master [1ms]
2023-10-05 12:38:59.574 [info] > git status -z -uall [2ms]
2023-10-05 12:39:04.595 [info] > git config --get commit.template [5ms]
2023-10-05 12:39:04.595 [info] > git for-each-ref --format=%(refname)%00%(upstream:short)%00%(objectname)%00%(upstream:track)%00%(upstream:remotename)%00%(upstream:remoteref) refs/heads/master refs/remotes/master [1ms]
2023-10-05 12:39:04.603 [info] > git status -z -uall [3ms]
2023-10-05 12:40:34.780 [info] > git config --get commit.template [20ms]
2023-10-05 12:40:34.783 [info] > git for-each-ref --format=%(refname)%00%(upstream:short)%00%(objectname)%00%(upstream:track)%00%(upstream:remotename)%00%(upstream:remoteref) refs/heads/master refs/remotes/master [5ms]
2023-10-05 12:40:34.803 [info] > git status -z -uall [6ms]
2023-10-05 12:40:45.013 [info] > git config --get commit.template [21ms]
2023-10-05 12:40:45.016 [info] > git for-each-ref --format=%(refname)%00%(upstream:short)%00%(objectname)%00%(upstream:track)%00%(upstream:remotename)%00%(upstream:remoteref) refs/heads/master refs/remotes/master [4ms]
2023-10-05 12:40:45.032 [info] > git status -z -uall [4ms]
2023-10-05 12:40:52.771 [info] > git config --get commit.template [19ms]
2023-10-05 12:40:52.774 [info] > git for-each-ref --format=%(refname)%00%(upstream:short)%00%(objectname)%00%(upstream:track)%00%(upstream:remotename)%00%(upstream:remoteref) refs/heads/master refs/remotes/master [5ms]
2023-10-05 12:40:52.799 [info] > git status -z -uall [9ms]
2023-10-05 12:41:33.039 [info] > git config --get commit.template [20ms]
2023-10-05 12:41:33.042 [info] > git for-each-ref --format=%(refname)%00%(upstream:short)%00%(objectname)%00%(upstream:track)%00%(upstream:remotename)%00%(upstream:remoteref) refs/heads/master refs/remotes/master [6ms]
2023-10-05 12:41:33.066 [info] > git status -z -uall [7ms]
2023-10-05 12:41:38.084 [info] > git config --get commit.template [8ms]
2023-10-05 12:41:38.085 [info] > git for-each-ref --format=%(refname)%00%(upstream:short)%00%(objectname)%00%(upstream:track)%00%(upstream:remotename)%00%(upstream:remoteref) refs/heads/master refs/remotes/master [2ms]
2023-10-05 12:41:38.091 [info] > git status -z -uall [2ms]
2023-10-05 12:41:46.661 [info] > git config --get commit.template [6ms]
2023-10-05 12:41:46.662 [info] > git for-each-ref --format=%(refname)%00%(upstream:short)%00%(objectname)%00%(upstream:track)%00%(upstream:remotename)%00%(upstream:remoteref) refs/heads/master refs/remotes/master [1ms]
2023-10-05 12:41:46.669 [info] > git status -z -uall [2ms]
2023-10-05 12:44:01.178 [info] > git config --get commit.template [9ms]
2023-10-05 12:44:01.179 [info] > git for-each-ref --format=%(refname)%00%(upstream:short)%00%(objectname)%00%(upstream:track)%00%(upstream:remotename)%00%(upstream:remoteref) refs/heads/master refs/remotes/master [2ms]
2023-10-05 12:44:01.188 [info] > git status -z -uall [4ms]
2023-10-05 12:44:06.313 [info] > git config --get commit.template [5ms]
2023-10-05 12:44:06.313 [info] > git for-each-ref --format=%(refname)%00%(upstream:short)%00%(objectname)%00%(upstream:track)%00%(upstream:remotename)%00%(upstream:remoteref) refs/heads/master refs/remotes/master [1ms]
2023-10-05 12:44:06.320 [info] > git status -z -uall [2ms]
2023-10-05 12:44:25.029 [info] > git config --get commit.template [20ms]
2023-10-05 12:44:25.031 [info] > git for-each-ref --format=%(refname)%00%(upstream:short)%00%(objectname)%00%(upstream:track)%00%(upstream:remotename)%00%(upstream:remoteref) refs/heads/master refs/remotes/master [5ms]
2023-10-05 12:44:25.050 [info] > git status -z -uall [6ms]
2023-10-05 12:45:58.319 [info] > git show --textconv :pkgs/sddm-sugar-dark/sddm-sugar-dark.nix [23ms]
2023-10-05 12:45:58.322 [info] > git ls-files --stage -- /home/talin/nixos-config/pkgs/sddm-sugar-dark/sddm-sugar-dark.nix [5ms]
2023-10-05 12:45:58.339 [info] > git cat-file -s 86aceeda5ae9d6efccf86ca219f6fa9e3749019b [4ms]
2023-10-05 12:45:58.560 [info] > git check-ignore -v -z --stdin [2ms]
2023-10-05 12:46:13.050 [info] > git show --textconv :pkgs/sddm-sugar-dark/ags.nix [20ms]
2023-10-05 12:46:13.054 [info] > git ls-files --stage -- /home/talin/nixos-config/pkgs/sddm-sugar-dark/ags.nix [6ms]
2023-10-05 12:46:13.311 [info] > git check-ignore -v -z --stdin [6ms]
2023-10-05 12:46:35.108 [info] > git config --get commit.template [9ms]
2023-10-05 12:46:35.108 [info] > git for-each-ref --format=%(refname)%00%(upstream:short)%00%(objectname)%00%(upstream:track)%00%(upstream:remotename)%00%(upstream:remoteref) refs/heads/master refs/remotes/master [2ms]
2023-10-05 12:46:35.118 [info] > git status -z -uall [2ms]
2023-10-05 12:46:40.136 [info] > git config --get commit.template [5ms]
2023-10-05 12:46:40.137 [info] > git for-each-ref --format=%(refname)%00%(upstream:short)%00%(objectname)%00%(upstream:track)%00%(upstream:remotename)%00%(upstream:remoteref) refs/heads/master refs/remotes/master [1ms]
2023-10-05 12:46:40.143 [info] > git status -z -uall [2ms]
2023-10-05 12:46:56.013 [info] > git config --get commit.template [8ms]
2023-10-05 12:46:56.014 [info] > git for-each-ref --format=%(refname)%00%(upstream:short)%00%(objectname)%00%(upstream:track)%00%(upstream:remotename)%00%(upstream:remoteref) refs/heads/master refs/remotes/master [2ms]
2023-10-05 12:46:56.021 [info] > git status -z -uall [2ms]
2023-10-05 12:46:57.879 [info] > git check-ignore -v -z --stdin [2ms]
2023-10-05 12:47:00.967 [info] > git check-ignore -v -z --stdin [2ms]
2023-10-05 12:47:01.034 [info] > git config --get commit.template [5ms]
2023-10-05 12:47:01.036 [info] > git for-each-ref --format=%(refname)%00%(upstream:short)%00%(objectname)%00%(upstream:track)%00%(upstream:remotename)%00%(upstream:remoteref) refs/heads/master refs/remotes/master [2ms]
2023-10-05 12:47:01.045 [info] > git status -z -uall [2ms]
2023-10-05 12:47:05.178 [info] > git show --textconv :pkgs/ags/ags.nix [17ms]
2023-10-05 12:47:05.180 [info] > git ls-files --stage -- /home/talin/nixos-config/pkgs/ags/ags.nix [3ms]
2023-10-05 12:47:06.092 [info] > git config --get commit.template [22ms]
2023-10-05 12:47:06.094 [info] > git for-each-ref --format=%(refname)%00%(upstream:short)%00%(objectname)%00%(upstream:track)%00%(upstream:remotename)%00%(upstream:remoteref) refs/heads/master refs/remotes/master [4ms]
2023-10-05 12:47:06.112 [info] > git status -z -uall [4ms]
2023-10-05 12:47:17.565 [info] > git config --get commit.template [6ms]
2023-10-05 12:47:17.566 [info] > git for-each-ref --format=%(refname)%00%(upstream:short)%00%(objectname)%00%(upstream:track)%00%(upstream:remotename)%00%(upstream:remoteref) refs/heads/master refs/remotes/master [2ms]
2023-10-05 12:47:17.574 [info] > git status -z -uall [2ms]
2023-10-05 12:47:24.251 [info] > git config --get commit.template [8ms]
2023-10-05 12:47:24.252 [info] > git for-each-ref --format=%(refname)%00%(upstream:short)%00%(objectname)%00%(upstream:track)%00%(upstream:remotename)%00%(upstream:remoteref) refs/heads/master refs/remotes/master [2ms]
2023-10-05 12:47:24.259 [info] > git status -z -uall [2ms]
2023-10-05 12:47:24.390 [info] > git ls-files --stage -- /home/talin/nixos-config/pkgs/sddm-sugar-dark/sddm-sugar-dark.nix [7ms]
2023-10-05 12:47:24.397 [info] > git ls-files --stage -- /home/talin/nixos-config/flake.nix [20ms]
2023-10-05 12:47:24.402 [info] > git ls-files --stage -- /home/talin/nixos-config/configuration.nix [34ms]
2023-10-05 12:47:24.410 [info] > git cat-file -s 5ba66d6b81bc9862f922064e48c87064ff833cb9 [8ms]
2023-10-05 12:47:24.411 [info] > git cat-file -s 86aceeda5ae9d6efccf86ca219f6fa9e3749019b [14ms]
2023-10-05 12:47:24.411 [info] > git ls-files --stage -- /home/talin/nixos-config/pkgs/ags/ags.nix [22ms]
2023-10-05 12:47:24.424 [info] > git show --textconv :flake.nix [7ms]
2023-10-05 12:47:24.425 [info] > git cat-file -s 3e42ebb207adde7622c6cdc863cc671f11895928 [16ms]
2023-10-05 12:47:24.434 [info] > git show --textconv :pkgs/sddm-sugar-dark/sddm-sugar-dark.nix [11ms]
2023-10-05 12:47:24.441 [info] > git show --textconv :pkgs/ags/ags.nix [8ms]
2023-10-05 12:47:24.442 [info] > git show --textconv :configuration.nix [2ms]
2023-10-05 12:47:42.877 [info] > git config --get commit.template [7ms]
2023-10-05 12:47:42.878 [info] > git for-each-ref --format=%(refname)%00%(upstream:short)%00%(objectname)%00%(upstream:track)%00%(upstream:remotename)%00%(upstream:remoteref) refs/heads/master refs/remotes/master [1ms]
2023-10-05 12:47:42.895 [info] > git status -z -uall [11ms]
2023-10-05 12:47:42.993 [info] > git ls-files --stage -- /home/talin/nixos-config/pkgs/sddm-sugar-dark/sddm-sugar-dark.nix [6ms]
2023-10-05 12:47:42.997 [info] > git ls-files --stage -- /home/talin/nixos-config/flake.nix [17ms]
2023-10-05 12:47:43.002 [info] > git ls-files --stage -- /home/talin/nixos-config/configuration.nix [28ms]
2023-10-05 12:47:43.010 [info] > git cat-file -s d4acf28afa070c47fc895394efa24768631ccf5d [4ms]
2023-10-05 12:47:43.011 [info] > git cat-file -s 5ba66d6b81bc9862f922064e48c87064ff833cb9 [10ms]
2023-10-05 12:47:43.011 [info] > git cat-file -s 7bf9fd06f6713fc1459f63f96894d7ba790be683 [14ms]
2023-10-05 12:47:43.012 [info] > git ls-files --stage -- /home/talin/nixos-config/pkgs/ags/ags.nix [20ms]
2023-10-05 12:47:43.039 [info] > git show --textconv :configuration.nix [14ms]
2023-10-05 12:47:43.039 [info] > git show --textconv :flake.nix [8ms]
2023-10-05 12:47:43.039 [info] > git show --textconv :pkgs/sddm-sugar-dark/sddm-sugar-dark.nix [2ms]
2023-10-05 12:47:43.040 [info] > git cat-file -s 58c7f2865c5dd7050e0eaf66b050a1e34c0f8d9c [23ms]
2023-10-05 12:47:43.050 [info] > git show --textconv :pkgs/ags/ags.nix [2ms]
2023-10-05 12:47:50.586 [info] > git config --get commit.template [20ms]
2023-10-05 12:47:50.589 [info] > git for-each-ref --format=%(refname)%00%(upstream:short)%00%(objectname)%00%(upstream:track)%00%(upstream:remotename)%00%(upstream:remoteref) refs/heads/master refs/remotes/master [4ms]
2023-10-05 12:47:50.612 [info] > git status -z -uall [7ms]
2023-10-05 12:47:50.670 [info] > git ls-files --stage -- /home/talin/nixos-config/pkgs/sddm-sugar-dark/sddm-sugar-dark.nix [6ms]
2023-10-05 12:47:50.674 [info] > git ls-files --stage -- /home/talin/nixos-config/flake.nix [18ms]
2023-10-05 12:47:50.679 [info] > git ls-files --stage -- /home/talin/nixos-config/configuration.nix [29ms]
2023-10-05 12:47:50.683 [info] > git cat-file -s 5ba66d6b81bc9862f922064e48c87064ff833cb9 [5ms]
2023-10-05 12:47:50.684 [info] > git cat-file -s 7bf9fd06f6713fc1459f63f96894d7ba790be683 [10ms]
2023-10-05 12:47:50.684 [info] > git ls-files --stage -- /home/talin/nixos-config/pkgs/ags/ags.nix [16ms]
2023-10-05 12:47:50.689 [info] > git cat-file -s d4acf28afa070c47fc895394efa24768631ccf5d [7ms]
2023-10-05 12:47:50.699 [info] > git show --textconv :flake.nix [5ms]
2023-10-05 12:47:50.699 [info] > git cat-file -s 58c7f2865c5dd7050e0eaf66b050a1e34c0f8d9c [11ms]
2023-10-05 12:47:50.705 [info] > git show --textconv :pkgs/sddm-sugar-dark/sddm-sugar-dark.nix [7ms]
2023-10-05 12:47:50.711 [info] > git show --textconv :configuration.nix [7ms]
2023-10-05 12:47:50.712 [info] > git show --textconv :pkgs/ags/ags.nix [2ms]
2023-10-05 13:13:23.358 [info] > git config --get commit.template [9ms]
2023-10-05 13:13:23.359 [info] > git for-each-ref --format=%(refname)%00%(upstream:short)%00%(objectname)%00%(upstream:track)%00%(upstream:remotename)%00%(upstream:remoteref) refs/heads/master refs/remotes/master [2ms]
2023-10-05 13:13:23.366 [info] > git status -z -uall [3ms]
2023-10-05 13:13:52.183 [info] > git config --get commit.template [21ms]
2023-10-05 13:13:52.184 [info] > git for-each-ref --format=%(refname)%00%(upstream:short)%00%(objectname)%00%(upstream:track)%00%(upstream:remotename)%00%(upstream:remoteref) refs/heads/master refs/remotes/master [6ms]
2023-10-05 13:13:52.202 [info] > git status -z -uall [5ms]
2023-10-05 13:14:21.830 [info] > git config --get commit.template [19ms]
2023-10-05 13:14:21.832 [info] > git for-each-ref --format=%(refname)%00%(upstream:short)%00%(objectname)%00%(upstream:track)%00%(upstream:remotename)%00%(upstream:remoteref) refs/heads/master refs/remotes/master [5ms]
2023-10-05 13:14:21.856 [info] > git status -z -uall [7ms]
2023-10-05 13:14:36.183 [info] > git config --get commit.template [11ms]
2023-10-05 13:14:36.183 [info] > git for-each-ref --format=%(refname)%00%(upstream:short)%00%(objectname)%00%(upstream:track)%00%(upstream:remotename)%00%(upstream:remoteref) refs/heads/master refs/remotes/master [1ms]
2023-10-05 13:14:36.190 [info] > git status -z -uall [2ms]
2023-10-05 13:14:54.355 [info] > git config --get commit.template [18ms]
2023-10-05 13:14:54.358 [info] > git for-each-ref --format=%(refname)%00%(upstream:short)%00%(objectname)%00%(upstream:track)%00%(upstream:remotename)%00%(upstream:remoteref) refs/heads/master refs/remotes/master [4ms]
2023-10-05 13:14:54.380 [info] > git status -z -uall [6ms]
2023-10-05 13:14:59.401 [info] > git config --get commit.template [9ms]
2023-10-05 13:14:59.402 [info] > git for-each-ref --format=%(refname)%00%(upstream:short)%00%(objectname)%00%(upstream:track)%00%(upstream:remotename)%00%(upstream:remoteref) refs/heads/master refs/remotes/master [2ms]
2023-10-05 13:14:59.413 [info] > git status -z -uall [4ms]
2023-10-05 13:15:21.440 [info] > git config --get commit.template [10ms]
2023-10-05 13:15:21.441 [info] > git for-each-ref --format=%(refname)%00%(upstream:short)%00%(objectname)%00%(upstream:track)%00%(upstream:remotename)%00%(upstream:remoteref) refs/heads/master refs/remotes/master [2ms]
2023-10-05 13:15:21.449 [info] > git status -z -uall [3ms]
2023-10-05 13:15:26.464 [info] > git config --get commit.template [7ms]
2023-10-05 13:15:26.465 [info] > git for-each-ref --format=%(refname)%00%(upstream:short)%00%(objectname)%00%(upstream:track)%00%(upstream:remotename)%00%(upstream:remoteref) refs/heads/master refs/remotes/master [1ms]
2023-10-05 13:15:26.471 [info] > git status -z -uall [2ms]
2023-10-05 13:16:29.689 [info] > git config --get commit.template [5ms]
2023-10-05 13:16:29.689 [info] > git for-each-ref --format=%(refname)%00%(upstream:short)%00%(objectname)%00%(upstream:track)%00%(upstream:remotename)%00%(upstream:remoteref) refs/heads/master refs/remotes/master [1ms]
2023-10-05 13:16:29.696 [info] > git status -z -uall [3ms]
2023-10-05 13:17:07.140 [info] > git show --textconv :home-manager/talin.nix [7ms]
2023-10-05 13:17:07.141 [info] > git ls-files --stage -- /home/talin/nixos-config/home-manager/talin.nix [2ms]
2023-10-05 13:17:07.150 [info] > git cat-file -s c56b8026cf3eab1bdc6d8b7bd9ee823bc2566980 [1ms]
2023-10-05 13:17:24.116 [info] > git config --get commit.template [9ms]
2023-10-05 13:17:24.117 [info] > git for-each-ref --format=%(refname)%00%(upstream:short)%00%(objectname)%00%(upstream:track)%00%(upstream:remotename)%00%(upstream:remoteref) refs/heads/master refs/remotes/master [1ms]
2023-10-05 13:17:24.124 [info] > git status -z -uall [2ms]
2023-10-05 13:17:29.038 [info] > git ls-files --stage -- /home/talin/nixos-config/pkgs/ags/ags.nix [6ms]
2023-10-05 13:17:29.045 [info] > git ls-files --stage -- /home/talin/nixos-config/pkgs/sddm-sugar-dark/sddm-sugar-dark.nix [20ms]
2023-10-05 13:17:29.051 [info] > git ls-files --stage -- /home/talin/nixos-config/flake.nix [33ms]
2023-10-05 13:17:29.056 [info] > git ls-files --stage -- /home/talin/nixos-config/configuration.nix [44ms]
2023-10-05 13:17:29.062 [info] > git cat-file -s 5ba66d6b81bc9862f922064e48c87064ff833cb9 [6ms]
2023-10-05 13:17:29.062 [info] > git cat-file -s 7bf9fd06f6713fc1459f63f96894d7ba790be683 [11ms]
2023-10-05 13:17:29.063 [info] > git cat-file -s 58c7f2865c5dd7050e0eaf66b050a1e34c0f8d9c [18ms]
2023-10-05 13:17:29.063 [info] > git ls-files --stage -- /home/talin/nixos-config/home-manager/talin.nix [26ms]
2023-10-05 13:17:29.071 [info] > git cat-file -s d4acf28afa070c47fc895394efa24768631ccf5d [10ms]
2023-10-05 13:17:29.093 [info] > git show --textconv :flake.nix [15ms]
2023-10-05 13:17:29.093 [info] > git show --textconv :pkgs/sddm-sugar-dark/sddm-sugar-dark.nix [8ms]
2023-10-05 13:17:29.093 [info] > git cat-file -s c56b8026cf3eab1bdc6d8b7bd9ee823bc2566980 [24ms]
2023-10-05 13:17:29.100 [info] > git show --textconv :pkgs/ags/ags.nix [8ms]
2023-10-05 13:17:29.106 [info] > git show --textconv :configuration.nix [7ms]
2023-10-05 13:17:29.107 [info] > git show --textconv :home-manager/talin.nix [2ms]
2023-10-05 13:17:29.138 [info] > git config --get commit.template [6ms]
2023-10-05 13:17:29.139 [info] > git for-each-ref --format=%(refname)%00%(upstream:short)%00%(objectname)%00%(upstream:track)%00%(upstream:remotename)%00%(upstream:remoteref) refs/heads/master refs/remotes/master [1ms]
2023-10-05 13:17:29.148 [info] > git status -z -uall [2ms]
2023-10-05 13:19:13.940 [info] > git config --get commit.template [6ms]
2023-10-05 13:19:13.941 [info] > git for-each-ref --format=%(refname)%00%(upstream:short)%00%(objectname)%00%(upstream:track)%00%(upstream:remotename)%00%(upstream:remoteref) refs/heads/master refs/remotes/master [1ms]
2023-10-05 13:19:13.947 [info] > git status -z -uall [2ms]
2023-10-05 13:19:28.717 [info] > git config --get commit.template [6ms]
2023-10-05 13:19:28.717 [info] > git for-each-ref --format=%(refname)%00%(upstream:short)%00%(objectname)%00%(upstream:track)%00%(upstream:remotename)%00%(upstream:remoteref) refs/heads/master refs/remotes/master [1ms]
2023-10-05 13:19:28.726 [info] > git status -z -uall [2ms]
2023-10-05 13:20:39.451 [info] > git config --get commit.template [19ms]
2023-10-05 13:20:39.453 [info] > git for-each-ref --format=%(refname)%00%(upstream:short)%00%(objectname)%00%(upstream:track)%00%(upstream:remotename)%00%(upstream:remoteref) refs/heads/master refs/remotes/master [4ms]
2023-10-05 13:20:39.475 [info] > git status -z -uall [6ms]
2023-10-05 13:22:22.886 [info] > git config --get commit.template [9ms]
2023-10-05 13:22:22.887 [info] > git for-each-ref --format=%(refname)%00%(upstream:short)%00%(objectname)%00%(upstream:track)%00%(upstream:remotename)%00%(upstream:remoteref) refs/heads/master refs/remotes/master [2ms]
2023-10-05 13:22:22.894 [info] > git status -z -uall [2ms]
2023-10-05 13:23:01.298 [info] > git config --get commit.template [11ms]
2023-10-05 13:23:01.299 [info] > git for-each-ref --format=%(refname)%00%(upstream:short)%00%(objectname)%00%(upstream:track)%00%(upstream:remotename)%00%(upstream:remoteref) refs/heads/master refs/remotes/master [2ms]
2023-10-05 13:23:01.306 [info] > git status -z -uall [2ms]
2023-10-05 13:31:48.755 [info] > git config --get commit.template [8ms]
2023-10-05 13:31:48.760 [info] > git for-each-ref --format=%(refname)%00%(upstream:short)%00%(objectname)%00%(upstream:track)%00%(upstream:remotename)%00%(upstream:remoteref) refs/heads/master refs/remotes/master [6ms]
2023-10-05 13:31:48.775 [info] > git status -z -uall [7ms]
2023-10-05 13:31:57.543 [info] > git config --get commit.template [15ms]
2023-10-05 13:31:57.544 [info] > git for-each-ref --format=%(refname)%00%(upstream:short)%00%(objectname)%00%(upstream:track)%00%(upstream:remotename)%00%(upstream:remoteref) refs/heads/master refs/remotes/master [3ms]
2023-10-05 13:31:57.559 [info] > git status -z -uall [7ms]
2023-10-05 13:31:57.631 [info] > git ls-files --stage -- /home/talin/nixos-config/pkgs/sddm-sugar-dark/sddm-sugar-dark.nix [5ms]
2023-10-05 13:31:57.637 [info] > git ls-files --stage -- /home/talin/nixos-config/flake.nix [19ms]
2023-10-05 13:31:57.642 [info] > git ls-files --stage -- /home/talin/nixos-config/configuration.nix [28ms]
2023-10-05 13:31:57.647 [info] > git cat-file -s 645169712bc055ce596ef2fe818001c7878841bb [6ms]
2023-10-05 13:31:57.647 [info] > git cat-file -s 7bf9fd06f6713fc1459f63f96894d7ba790be683 [11ms]
2023-10-05 13:31:57.648 [info] > git ls-files --stage -- /home/talin/nixos-config/home-manager/talin.nix [17ms]
2023-10-05 13:31:57.653 [info] > git cat-file -s 07305c1e844eab020a82ea1fbd5c8018d1a15085 [7ms]
2023-10-05 13:31:57.664 [info] > git show --textconv :flake.nix [6ms]
2023-10-05 13:31:57.664 [info] > git show --textconv :pkgs/sddm-sugar-dark/sddm-sugar-dark.nix [1ms]
2023-10-05 13:31:57.665 [info] > git cat-file -s 39eb0f149ac2ecb1d50a3350f205a667b4d9fde8 [13ms]
2023-10-05 13:31:57.678 [info] > git show --textconv :configuration.nix [8ms]
2023-10-05 13:31:57.679 [info] > git show --textconv :home-manager/talin.nix [1ms]
2023-10-05 13:32:06.475 [info] > git config --get commit.template [0ms]
2023-10-05 13:32:06.486 [info] > git for-each-ref --format=%(refname)%00%(upstream:short)%00%(objectname)%00%(upstream:track)%00%(upstream:remotename)%00%(upstream:remoteref) refs/heads/master refs/remotes/master [3ms]
2023-10-05 13:32:06.503 [info] > git status -z -uall [5ms]
2023-10-05 13:32:06.592 [info] > git ls-files --stage -- /home/talin/nixos-config/pkgs/sddm-sugar-dark/sddm-sugar-dark.nix [5ms]
2023-10-05 13:32:06.597 [info] > git ls-files --stage -- /home/talin/nixos-config/flake.nix [15ms]
2023-10-05 13:32:06.601 [info] > git ls-files --stage -- /home/talin/nixos-config/configuration.nix [27ms]
2023-10-05 13:32:06.606 [info] > git cat-file -s 645169712bc055ce596ef2fe818001c7878841bb [5ms]
2023-10-05 13:32:06.606 [info] > git cat-file -s 7bf9fd06f6713fc1459f63f96894d7ba790be683 [10ms]
2023-10-05 13:32:06.607 [info] > git ls-files --stage -- /home/talin/nixos-config/home-manager/talin.nix [15ms]
2023-10-05 13:32:06.612 [info] > git cat-file -s 07305c1e844eab020a82ea1fbd5c8018d1a15085 [7ms]
2023-10-05 13:32:06.613 [info] > git cat-file -s 39eb0f149ac2ecb1d50a3350f205a667b4d9fde8 [2ms]
2023-10-05 13:32:06.626 [info] > git show --textconv :flake.nix [6ms]
2023-10-05 13:32:06.637 [info] > git show --textconv :pkgs/sddm-sugar-dark/sddm-sugar-dark.nix [12ms]
2023-10-05 13:32:06.637 [info] > git show --textconv :configuration.nix [6ms]
2023-10-05 13:32:06.637 [info] > git show --textconv :home-manager/talin.nix [1ms]
2023-10-05 15:02:13.839 [info] > git config --get commit.template [23ms]
2023-10-05 15:02:13.842 [info] > git for-each-ref --format=%(refname)%00%(upstream:short)%00%(objectname)%00%(upstream:track)%00%(upstream:remotename)%00%(upstream:remoteref) refs/heads/master refs/remotes/master [5ms]
2023-10-05 15:02:13.865 [info] > git status -z -uall [8ms]
2023-10-05 15:06:57.056 [info] > git config --get commit.template [18ms]
2023-10-05 15:06:57.062 [info] > git for-each-ref --format=%(refname)%00%(upstream:short)%00%(objectname)%00%(upstream:track)%00%(upstream:remotename)%00%(upstream:remoteref) refs/heads/master refs/remotes/master [8ms]
2023-10-05 15:06:57.086 [info] > git status -z -uall [7ms]
2023-10-05 15:08:49.441 [info] > git config --get commit.template [16ms]
2023-10-05 15:08:49.443 [info] > git for-each-ref --format=%(refname)%00%(upstream:short)%00%(objectname)%00%(upstream:track)%00%(upstream:remotename)%00%(upstream:remoteref) refs/heads/master refs/remotes/master [3ms]
2023-10-05 15:08:49.461 [info] > git status -z -uall [4ms]
