2023-10-05 12:23:03.465 [info] Extension host with pid 2790 started
2023-10-05 12:23:03.465 [info] Skipping acquiring lock for /home/talin/.config/Code/User/workspaceStorage/5979b55628cbd1f6e705b8373a84ac05.
2023-10-05 12:23:03.624 [info] ExtensionService#_doActivateExtension vscode.emmet, startup: false, activationEvent: 'onLanguage'
2023-10-05 12:23:03.757 [info] ExtensionService#_doActivateExtension vscode.git-base, startup: true, activationEvent: '*', root cause: vscode.git
2023-10-05 12:23:03.995 [info] ExtensionService#_doActivateExtension vscode.git, startup: true, activationEvent: '*'
2023-10-05 12:23:04.036 [info] ExtensionService#_doActivateExtension vscode.github, startup: true, activationEvent: '*'
2023-10-05 12:23:04.123 [info] Eager extensions activated
2023-10-05 12:23:04.159 [info] ExtensionService#_doActivateExtension vscode.debug-auto-launch, startup: false, activationEvent: 'onStartupFinished'
2023-10-05 12:23:04.162 [info] ExtensionService#_doActivateExtension vscode.merge-conflict, startup: false, activationEvent: 'onStartupFinished'
2023-10-05 12:23:04.313 [info] ExtensionService#_doActivateExtension vscode.github-authentication, startup: false, activationEvent: 'onAuthenticationRequest:github'
2023-10-05 12:23:04.689 [info] ExtensionService#_doActivateExtension vscode.microsoft-authentication, startup: false, activationEvent: 'onAuthenticationRequest:microsoft'
2023-10-05 12:29:32.515 [info] ExtensionService#_doActivateExtension vscode.npm, startup: false, activationEvent: 'onTerminalQuickFixRequest:ms-vscode.npm-command'
2023-10-05 15:12:08.477 [info] Extension host terminating: renderer closed the MessagePort
2023-10-05 15:12:08.492 [error] Canceled: Canceled
	at new h (/nix/store/pni4jilmjrh98j9xlnmp84z74fpy0vgh-vscode-1.82.2/lib/vscode/resources/app/out/vs/workbench/api/node/extensionHostProcess.js:107:57382)
	at i.O (/nix/store/pni4jilmjrh98j9xlnmp84z74fpy0vgh-vscode-1.82.2/lib/vscode/resources/app/out/vs/workbench/api/node/extensionHostProcess.js:116:10850)
	at j.<computed>.T.charCodeAt.j.<computed> (/nix/store/pni4jilmjrh98j9xlnmp84z74fpy0vgh-vscode-1.82.2/lib/vscode/resources/app/out/vs/workbench/api/node/extensionHostProcess.js:116:8289)
	at r.g (/nix/store/pni4jilmjrh98j9xlnmp84z74fpy0vgh-vscode-1.82.2/lib/vscode/resources/app/out/vs/workbench/api/node/extensionHostProcess.js:107:82208)
	at r.executeCommand (/nix/store/pni4jilmjrh98j9xlnmp84z74fpy0vgh-vscode-1.82.2/lib/vscode/resources/app/out/vs/workbench/api/node/extensionHostProcess.js:107:81646)
	at u.registerCommand.description (/nix/store/pni4jilmjrh98j9xlnmp84z74fpy0vgh-vscode-1.82.2/lib/vscode/resources/app/out/vs/workbench/api/node/extensionHostProcess.js:107:80967)
	at r.h (/nix/store/pni4jilmjrh98j9xlnmp84z74fpy0vgh-vscode-1.82.2/lib/vscode/resources/app/out/vs/workbench/api/node/extensionHostProcess.js:107:82744)
	at r.g (/nix/store/pni4jilmjrh98j9xlnmp84z74fpy0vgh-vscode-1.82.2/lib/vscode/resources/app/out/vs/workbench/api/node/extensionHostProcess.js:107:81739)
	at r.executeCommand (/nix/store/pni4jilmjrh98j9xlnmp84z74fpy0vgh-vscode-1.82.2/lib/vscode/resources/app/out/vs/workbench/api/node/extensionHostProcess.js:107:81646)
	at Object.executeCommand (/nix/store/pni4jilmjrh98j9xlnmp84z74fpy0vgh-vscode-1.82.2/lib/vscode/resources/app/out/vs/workbench/api/node/extensionHostProcess.js:122:21247)
	at n.D [as value] (/nix/store/pni4jilmjrh98j9xlnmp84z74fpy0vgh-vscode-1.82.2/lib/vscode/resources/app/extensions/git/dist/main.js:2:1309000)
	at m.w (/nix/store/pni4jilmjrh98j9xlnmp84z74fpy0vgh-vscode-1.82.2/lib/vscode/resources/app/out/vs/workbench/api/node/extensionHostProcess.js:63:1902)
	at m.x (/nix/store/pni4jilmjrh98j9xlnmp84z74fpy0vgh-vscode-1.82.2/lib/vscode/resources/app/out/vs/workbench/api/node/extensionHostProcess.js:63:1972)
	at m.fire (/nix/store/pni4jilmjrh98j9xlnmp84z74fpy0vgh-vscode-1.82.2/lib/vscode/resources/app/out/vs/workbench/api/node/extensionHostProcess.js:63:2188)
	at Object.m [as dispose] (/nix/store/pni4jilmjrh98j9xlnmp84z74fpy0vgh-vscode-1.82.2/lib/vscode/resources/app/extensions/git/dist/main.js:2:1324784)
	at /nix/store/pni4jilmjrh98j9xlnmp84z74fpy0vgh-vscode-1.82.2/lib/vscode/resources/app/extensions/git/dist/main.js:2:1329625
	at Array.forEach (<anonymous>)
	at g.dispose (/nix/store/pni4jilmjrh98j9xlnmp84z74fpy0vgh-vscode-1.82.2/lib/vscode/resources/app/extensions/git/dist/main.js:2:1329611)
	at E.<anonymous> (/nix/store/pni4jilmjrh98j9xlnmp84z74fpy0vgh-vscode-1.82.2/lib/vscode/resources/app/out/vs/workbench/api/node/extensionHostProcess.js:103:3484)
	at E.dispose (/nix/store/pni4jilmjrh98j9xlnmp84z74fpy0vgh-vscode-1.82.2/lib/vscode/resources/app/out/vs/workbench/api/node/extensionHostProcess.js:103:3581)
	at E.<anonymous> (/nix/store/pni4jilmjrh98j9xlnmp84z74fpy0vgh-vscode-1.82.2/lib/vscode/resources/app/extensions/git/dist/main.js:2:1311012)
	at E.dispose (/nix/store/pni4jilmjrh98j9xlnmp84z74fpy0vgh-vscode-1.82.2/lib/vscode/resources/app/out/vs/workbench/api/node/extensionHostProcess.js:103:3581)
	at k (/nix/store/pni4jilmjrh98j9xlnmp84z74fpy0vgh-vscode-1.82.2/lib/vscode/resources/app/out/vs/workbench/api/node/extensionHostProcess.js:13:11730)
	at n.Z (/nix/store/pni4jilmjrh98j9xlnmp84z74fpy0vgh-vscode-1.82.2/lib/vscode/resources/app/out/vs/workbench/api/node/extensionHostProcess.js:118:9652)
	at /nix/store/pni4jilmjrh98j9xlnmp84z74fpy0vgh-vscode-1.82.2/lib/vscode/resources/app/out/vs/workbench/api/node/extensionHostProcess.js:118:7585
	at Array.map (<anonymous>)
	at n.S (/nix/store/pni4jilmjrh98j9xlnmp84z74fpy0vgh-vscode-1.82.2/lib/vscode/resources/app/out/vs/workbench/api/node/extensionHostProcess.js:118:7572)
	at n.terminate (/nix/store/pni4jilmjrh98j9xlnmp84z74fpy0vgh-vscode-1.82.2/lib/vscode/resources/app/out/vs/workbench/api/node/extensionHostProcess.js:118:7844)
	at o.terminate (/nix/store/pni4jilmjrh98j9xlnmp84z74fpy0vgh-vscode-1.82.2/lib/vscode/resources/app/out/vs/workbench/api/node/extensionHostProcess.js:122:1513)
	at D (/nix/store/pni4jilmjrh98j9xlnmp84z74fpy0vgh-vscode-1.82.2/lib/vscode/resources/app/out/vs/workbench/api/node/extensionHostProcess.js:135:9800)
	at MessagePortMain.<anonymous> (/nix/store/pni4jilmjrh98j9xlnmp84z74fpy0vgh-vscode-1.82.2/lib/vscode/resources/app/out/vs/workbench/api/node/extensionHostProcess.js:135:6225)
	at MessagePortMain.emit (node:events:513:28)
	at MessagePortMain._internalPort.emit (node:electron/js2c/utility_init:2:367) setContext undefined
2023-10-05 15:12:08.493 [error] Canceled: Canceled
	at new h (/nix/store/pni4jilmjrh98j9xlnmp84z74fpy0vgh-vscode-1.82.2/lib/vscode/resources/app/out/vs/workbench/api/node/extensionHostProcess.js:107:57382)
	at i.O (/nix/store/pni4jilmjrh98j9xlnmp84z74fpy0vgh-vscode-1.82.2/lib/vscode/resources/app/out/vs/workbench/api/node/extensionHostProcess.js:116:10850)
	at j.<computed>.T.charCodeAt.j.<computed> (/nix/store/pni4jilmjrh98j9xlnmp84z74fpy0vgh-vscode-1.82.2/lib/vscode/resources/app/out/vs/workbench/api/node/extensionHostProcess.js:116:8289)
	at r.g (/nix/store/pni4jilmjrh98j9xlnmp84z74fpy0vgh-vscode-1.82.2/lib/vscode/resources/app/out/vs/workbench/api/node/extensionHostProcess.js:107:82208)
	at r.executeCommand (/nix/store/pni4jilmjrh98j9xlnmp84z74fpy0vgh-vscode-1.82.2/lib/vscode/resources/app/out/vs/workbench/api/node/extensionHostProcess.js:107:81646)
	at u.registerCommand.description (/nix/store/pni4jilmjrh98j9xlnmp84z74fpy0vgh-vscode-1.82.2/lib/vscode/resources/app/out/vs/workbench/api/node/extensionHostProcess.js:107:80967)
	at r.h (/nix/store/pni4jilmjrh98j9xlnmp84z74fpy0vgh-vscode-1.82.2/lib/vscode/resources/app/out/vs/workbench/api/node/extensionHostProcess.js:107:82744)
	at r.g (/nix/store/pni4jilmjrh98j9xlnmp84z74fpy0vgh-vscode-1.82.2/lib/vscode/resources/app/out/vs/workbench/api/node/extensionHostProcess.js:107:81739)
	at r.executeCommand (/nix/store/pni4jilmjrh98j9xlnmp84z74fpy0vgh-vscode-1.82.2/lib/vscode/resources/app/out/vs/workbench/api/node/extensionHostProcess.js:107:81646)
	at Object.executeCommand (/nix/store/pni4jilmjrh98j9xlnmp84z74fpy0vgh-vscode-1.82.2/lib/vscode/resources/app/out/vs/workbench/api/node/extensionHostProcess.js:122:21247)
	at set b [as b] (/nix/store/pni4jilmjrh98j9xlnmp84z74fpy0vgh-vscode-1.82.2/lib/vscode/resources/app/extensions/github/dist/extension.js:2:714434)
	at /nix/store/pni4jilmjrh98j9xlnmp84z74fpy0vgh-vscode-1.82.2/lib/vscode/resources/app/extensions/github/dist/extension.js:2:715075
	at n.value (/nix/store/pni4jilmjrh98j9xlnmp84z74fpy0vgh-vscode-1.82.2/lib/vscode/resources/app/extensions/git/dist/main.js:2:1396602)
	at m.w (/nix/store/pni4jilmjrh98j9xlnmp84z74fpy0vgh-vscode-1.82.2/lib/vscode/resources/app/out/vs/workbench/api/node/extensionHostProcess.js:63:1902)
	at m.x (/nix/store/pni4jilmjrh98j9xlnmp84z74fpy0vgh-vscode-1.82.2/lib/vscode/resources/app/out/vs/workbench/api/node/extensionHostProcess.js:63:1972)
	at m.fire (/nix/store/pni4jilmjrh98j9xlnmp84z74fpy0vgh-vscode-1.82.2/lib/vscode/resources/app/out/vs/workbench/api/node/extensionHostProcess.js:63:2188)
	at Object.m [as dispose] (/nix/store/pni4jilmjrh98j9xlnmp84z74fpy0vgh-vscode-1.82.2/lib/vscode/resources/app/extensions/git/dist/main.js:2:1324784)
	at /nix/store/pni4jilmjrh98j9xlnmp84z74fpy0vgh-vscode-1.82.2/lib/vscode/resources/app/extensions/git/dist/main.js:2:1329625
	at Array.forEach (<anonymous>)
	at g.dispose (/nix/store/pni4jilmjrh98j9xlnmp84z74fpy0vgh-vscode-1.82.2/lib/vscode/resources/app/extensions/git/dist/main.js:2:1329611)
	at E.<anonymous> (/nix/store/pni4jilmjrh98j9xlnmp84z74fpy0vgh-vscode-1.82.2/lib/vscode/resources/app/out/vs/workbench/api/node/extensionHostProcess.js:103:3484)
	at E.dispose (/nix/store/pni4jilmjrh98j9xlnmp84z74fpy0vgh-vscode-1.82.2/lib/vscode/resources/app/out/vs/workbench/api/node/extensionHostProcess.js:103:3581)
	at E.<anonymous> (/nix/store/pni4jilmjrh98j9xlnmp84z74fpy0vgh-vscode-1.82.2/lib/vscode/resources/app/extensions/git/dist/main.js:2:1311012)
	at E.dispose (/nix/store/pni4jilmjrh98j9xlnmp84z74fpy0vgh-vscode-1.82.2/lib/vscode/resources/app/out/vs/workbench/api/node/extensionHostProcess.js:103:3581)
	at k (/nix/store/pni4jilmjrh98j9xlnmp84z74fpy0vgh-vscode-1.82.2/lib/vscode/resources/app/out/vs/workbench/api/node/extensionHostProcess.js:13:11730)
	at n.Z (/nix/store/pni4jilmjrh98j9xlnmp84z74fpy0vgh-vscode-1.82.2/lib/vscode/resources/app/out/vs/workbench/api/node/extensionHostProcess.js:118:9652)
	at /nix/store/pni4jilmjrh98j9xlnmp84z74fpy0vgh-vscode-1.82.2/lib/vscode/resources/app/out/vs/workbench/api/node/extensionHostProcess.js:118:7585
	at Array.map (<anonymous>)
	at n.S (/nix/store/pni4jilmjrh98j9xlnmp84z74fpy0vgh-vscode-1.82.2/lib/vscode/resources/app/out/vs/workbench/api/node/extensionHostProcess.js:118:7572)
	at n.terminate (/nix/store/pni4jilmjrh98j9xlnmp84z74fpy0vgh-vscode-1.82.2/lib/vscode/resources/app/out/vs/workbench/api/node/extensionHostProcess.js:118:7844)
	at o.terminate (/nix/store/pni4jilmjrh98j9xlnmp84z74fpy0vgh-vscode-1.82.2/lib/vscode/resources/app/out/vs/workbench/api/node/extensionHostProcess.js:122:1513)
	at D (/nix/store/pni4jilmjrh98j9xlnmp84z74fpy0vgh-vscode-1.82.2/lib/vscode/resources/app/out/vs/workbench/api/node/extensionHostProcess.js:135:9800)
	at MessagePortMain.<anonymous> (/nix/store/pni4jilmjrh98j9xlnmp84z74fpy0vgh-vscode-1.82.2/lib/vscode/resources/app/out/vs/workbench/api/node/extensionHostProcess.js:135:6225)
	at MessagePortMain.emit (node:events:513:28)
	at MessagePortMain._internalPort.emit (node:electron/js2c/utility_init:2:367) setContext undefined
2023-10-05 15:12:13.488 [info] Extension host with pid 2790 exiting with code 0
