2023-10-07 14:39:52.848 [info] Log level: Info
2023-10-07 14:39:52.848 [info] Validating found git in: "git"
2023-10-07 14:39:52.848 [info] Using git "2.42.0" from "git"
2023-10-07 14:39:52.848 [info] > git rev-parse --show-toplevel [4ms]
2023-10-07 14:39:52.858 [info] > git rev-parse --git-dir --git-common-dir [2ms]
2023-10-07 14:39:52.876 [info] Open repository: /home/talin/nixos-config
2023-10-07 14:39:52.892 [info] > git rev-parse --show-toplevel [4ms]
2023-10-07 14:39:52.893 [info] > git config --get commit.template [10ms]
2023-10-07 14:39:52.927 [info] > git for-each-ref --format=%(refname)%00%(upstream:short)%00%(objectname)%00%(upstream:track)%00%(upstream:remotename)%00%(upstream:remoteref) refs/heads/master refs/remotes/master [5ms]
2023-10-07 14:39:52.932 [info] > git rev-parse --show-toplevel [18ms]
2023-10-07 14:39:52.946 [info] > git status -z -uall [14ms]
2023-10-07 14:39:52.960 [info] > git rev-parse --show-toplevel [15ms]
2023-10-07 14:39:52.962 [info] > git config --get commit.template [3ms]
2023-10-07 14:39:52.972 [info] > git for-each-ref --format=%(refname)%00%(upstream:short)%00%(objectname)%00%(upstream:track)%00%(upstream:remotename)%00%(upstream:remoteref) refs/heads/master refs/remotes/master [2ms]
2023-10-07 14:39:52.978 [info] > git status -z -uall [2ms]
2023-10-07 14:39:53.433 [info] > git check-ignore -v -z --stdin [1ms]
2023-10-07 14:39:53.799 [info] > git show --textconv :home-manager/talin.nix [10ms]
2023-10-07 14:39:53.802 [info] > git ls-files --stage -- /home/talin/nixos-config/home-manager/talin.nix [3ms]
2023-10-07 14:39:53.812 [info] > git cat-file -s 79e73b15b3bd2dafd416fa7336b7cdcc3eb0ac83 [2ms]
2023-10-07 14:39:58.582 [info] > git show --textconv :README.md [14ms]
2023-10-07 14:39:58.583 [info] > git ls-files --stage -- /home/talin/nixos-config/README.md [2ms]
2023-10-07 14:39:58.593 [info] > git cat-file -s 6c4cd66ef497b7de508a3db232a8ba0cb4beaf7b [2ms]
2023-10-07 14:40:08.155 [info] > git config --get commit.template [6ms]
2023-10-07 14:40:08.156 [info] > git for-each-ref --format=%(refname)%00%(upstream:short)%00%(objectname)%00%(upstream:track)%00%(upstream:remotename)%00%(upstream:remoteref) refs/heads/master refs/remotes/master [2ms]
2023-10-07 14:40:08.163 [info] > git status -z -uall [2ms]
2023-10-07 14:40:10.419 [info] > git show --textconv :configuration.nix [22ms]
2023-10-07 14:40:10.422 [info] > git ls-files --stage -- /home/talin/nixos-config/configuration.nix [5ms]
2023-10-07 14:40:10.437 [info] > git cat-file -s 07305c1e844eab020a82ea1fbd5c8018d1a15085 [2ms]
2023-10-07 14:40:14.625 [info] > git show --textconv :hardware-configuration.nix [22ms]
2023-10-07 14:40:14.629 [info] > git ls-files --stage -- /home/talin/nixos-config/hardware-configuration.nix [6ms]
2023-10-07 14:40:14.645 [info] > git cat-file -s 6c696f848918fc873d9f25181be06816674ddd37 [3ms]
2023-10-07 14:53:11.534 [info] > git config --get commit.template [20ms]
2023-10-07 14:53:11.536 [info] > git for-each-ref --format=%(refname)%00%(upstream:short)%00%(objectname)%00%(upstream:track)%00%(upstream:remotename)%00%(upstream:remoteref) refs/heads/master refs/remotes/master [5ms]
2023-10-07 14:53:11.556 [info] > git status -z -uall [6ms]
2023-10-07 14:54:51.919 [info] > git config --get commit.template [10ms]
2023-10-07 14:54:51.919 [info] > git for-each-ref --format=%(refname)%00%(upstream:short)%00%(objectname)%00%(upstream:track)%00%(upstream:remotename)%00%(upstream:remoteref) refs/heads/master refs/remotes/master [1ms]
2023-10-07 14:54:51.928 [info] > git status -z -uall [2ms]
2023-10-07 15:50:05.747 [info] > git config --get commit.template [8ms]
2023-10-07 15:50:05.748 [info] > git for-each-ref --format=%(refname)%00%(upstream:short)%00%(objectname)%00%(upstream:track)%00%(upstream:remotename)%00%(upstream:remoteref) refs/heads/master refs/remotes/master [1ms]
2023-10-07 15:50:05.764 [info] > git status -z -uall [11ms]
2023-10-07 15:50:05.833 [info] > git ls-files --stage -- /home/talin/nixos-config/home-manager/talin.nix [7ms]
2023-10-07 15:50:05.839 [info] > git ls-files --stage -- /home/talin/nixos-config/configuration.nix [7ms]
2023-10-07 15:50:05.846 [info] > git cat-file -s b3d5ec38a291d057de3a08f49fe39bb09885f62f [8ms]
2023-10-07 15:50:05.847 [info] > git cat-file -s f71467ae5f31cd648965301c0d135e1cc760d281 [2ms]
2023-10-07 15:50:05.861 [info] > git show --textconv :home-manager/talin.nix [7ms]
2023-10-07 15:50:05.863 [info] > git show --textconv :configuration.nix [2ms]
2023-10-07 15:50:15.935 [info] > git config --get commit.template [20ms]
2023-10-07 15:50:15.938 [info] > git for-each-ref --format=%(refname)%00%(upstream:short)%00%(objectname)%00%(upstream:track)%00%(upstream:remotename)%00%(upstream:remoteref) refs/heads/master refs/remotes/master [5ms]
2023-10-07 15:50:15.961 [info] > git status -z -uall [6ms]
2023-10-07 15:50:16.016 [info] > git ls-files --stage -- /home/talin/nixos-config/home-manager/talin.nix [12ms]
2023-10-07 15:50:16.025 [info] > git ls-files --stage -- /home/talin/nixos-config/configuration.nix [10ms]
2023-10-07 15:50:16.031 [info] > git cat-file -s b3d5ec38a291d057de3a08f49fe39bb09885f62f [8ms]
2023-10-07 15:50:16.032 [info] > git cat-file -s f71467ae5f31cd648965301c0d135e1cc760d281 [2ms]
2023-10-07 15:50:16.044 [info] > git show --textconv :home-manager/talin.nix [6ms]
2023-10-07 15:50:16.045 [info] > git show --textconv :configuration.nix [2ms]
2023-10-07 15:52:29.259 [info] > git check-ignore -v -z --stdin [1ms]
