2023-08-16 12:35:07.346 [warning] Via 'product.json#extensionEnabledApiProposals' extension 'github.vscode-pull-request-github' wants API proposal 'quickPickItemIcon' but that proposal DOES NOT EXIST. Likely, the proposal has been finalized (check 'vscode.d.ts') or was abandoned.
2023-08-16 12:35:11.885 [info] [perf] Render performance baseline is 56ms
2023-08-16 12:35:24.208 [warning] Via 'product.json#extensionEnabledApiProposals' extension 'github.vscode-pull-request-github' wants API proposal 'quickPickItemIcon' but that proposal DOES NOT EXIST. Likely, the proposal has been finalized (check 'vscode.d.ts') or was abandoned.
2023-08-16 12:35:27.149 [info] [perf] Render performance baseline is 51ms
2023-08-16 12:37:56.441 [warning] [File Watcher (parcel)] Watcher shutdown because watched path got deleted (path: /home/talin/nixos-config)
2023-08-16 12:38:00.440 [error] Error: The editor could not be opened because the file was not found.
    at gd.handleSetInputError (vscode-file://vscode-app/nix/store/bq7v4x5b81b10anryjzck6ib3p9wjf68-vscodium-1.81.1.23222/lib/vscode/resources/app/out/vs/workbench/workbench.desktop.main.js:2303:27313)
    at async gd.setInput (vscode-file://vscode-app/nix/store/bq7v4x5b81b10anryjzck6ib3p9wjf68-vscodium-1.81.1.23222/lib/vscode/resources/app/out/vs/workbench/workbench.desktop.main.js:2303:26176)
    at async s.doSetInput (vscode-file://vscode-app/nix/store/bq7v4x5b81b10anryjzck6ib3p9wjf68-vscodium-1.81.1.23222/lib/vscode/resources/app/out/vs/workbench/workbench.desktop.main.js:2301:32103)
    at async s.doOpenEditor (vscode-file://vscode-app/nix/store/bq7v4x5b81b10anryjzck6ib3p9wjf68-vscodium-1.81.1.23222/lib/vscode/resources/app/out/vs/workbench/workbench.desktop.main.js:2301:30022)
    at async s.openEditor (vscode-file://vscode-app/nix/store/bq7v4x5b81b10anryjzck6ib3p9wjf68-vscodium-1.81.1.23222/lib/vscode/resources/app/out/vs/workbench/workbench.desktop.main.js:2301:28770)
    at async vscode-file://vscode-app/nix/store/bq7v4x5b81b10anryjzck6ib3p9wjf68-vscodium-1.81.1.23222/lib/vscode/resources/app/out/vs/workbench/workbench.desktop.main.js:2486:16785
    at async r.value (vscode-file://vscode-app/nix/store/bq7v4x5b81b10anryjzck6ib3p9wjf68-vscodium-1.81.1.23222/lib/vscode/resources/app/out/vs/workbench/workbench.desktop.main.js:2519:57125)
2023-08-16 12:38:23.795 [error] Error: Unable to read file '/home/talin/nixos-config' (Unknown (FileSystemError): Error: ELOOP: too many symbolic links encountered, stat '/home/talin/nixos-config')
    at o.restoreReadError (vscode-file://vscode-app/nix/store/bq7v4x5b81b10anryjzck6ib3p9wjf68-vscodium-1.81.1.23222/lib/vscode/resources/app/out/vs/workbench/workbench.desktop.main.js:627:22036)
    at o.doReadFileStream (vscode-file://vscode-app/nix/store/bq7v4x5b81b10anryjzck6ib3p9wjf68-vscodium-1.81.1.23222/lib/vscode/resources/app/out/vs/workbench/workbench.desktop.main.js:627:21653)
    at async p.doRead (vscode-file://vscode-app/nix/store/bq7v4x5b81b10anryjzck6ib3p9wjf68-vscodium-1.81.1.23222/lib/vscode/resources/app/out/vs/workbench/workbench.desktop.main.js:2325:50124)
    at async p.readStream (vscode-file://vscode-app/nix/store/bq7v4x5b81b10anryjzck6ib3p9wjf68-vscodium-1.81.1.23222/lib/vscode/resources/app/out/vs/workbench/workbench.desktop.main.js:2325:49796)
    at async er.resolveFromFile (vscode-file://vscode-app/nix/store/bq7v4x5b81b10anryjzck6ib3p9wjf68-vscodium-1.81.1.23222/lib/vscode/resources/app/out/vs/workbench/workbench.desktop.main.js:2314:37732)
    at async er.resolve (vscode-file://vscode-app/nix/store/bq7v4x5b81b10anryjzck6ib3p9wjf68-vscodium-1.81.1.23222/lib/vscode/resources/app/out/vs/workbench/workbench.desktop.main.js:2314:35804)
    at async o.doResolve (vscode-file://vscode-app/nix/store/bq7v4x5b81b10anryjzck6ib3p9wjf68-vscodium-1.81.1.23222/lib/vscode/resources/app/out/vs/workbench/workbench.desktop.main.js:2325:44407)
    at async Nc.doResolveAsText (vscode-file://vscode-app/nix/store/bq7v4x5b81b10anryjzck6ib3p9wjf68-vscodium-1.81.1.23222/lib/vscode/resources/app/out/vs/workbench/workbench.desktop.main.js:1868:11193)
    at async gd.setInput (vscode-file://vscode-app/nix/store/bq7v4x5b81b10anryjzck6ib3p9wjf68-vscodium-1.81.1.23222/lib/vscode/resources/app/out/vs/workbench/workbench.desktop.main.js:2303:25672)
    at async s.doSetInput (vscode-file://vscode-app/nix/store/bq7v4x5b81b10anryjzck6ib3p9wjf68-vscodium-1.81.1.23222/lib/vscode/resources/app/out/vs/workbench/workbench.desktop.main.js:2301:32103)
    at async s.doOpenEditor (vscode-file://vscode-app/nix/store/bq7v4x5b81b10anryjzck6ib3p9wjf68-vscodium-1.81.1.23222/lib/vscode/resources/app/out/vs/workbench/workbench.desktop.main.js:2301:30022)
    at async s.openEditor (vscode-file://vscode-app/nix/store/bq7v4x5b81b10anryjzck6ib3p9wjf68-vscodium-1.81.1.23222/lib/vscode/resources/app/out/vs/workbench/workbench.desktop.main.js:2301:28770)
    at async vscode-file://vscode-app/nix/store/bq7v4x5b81b10anryjzck6ib3p9wjf68-vscodium-1.81.1.23222/lib/vscode/resources/app/out/vs/workbench/workbench.desktop.main.js:2486:16785
    at async r.value (vscode-file://vscode-app/nix/store/bq7v4x5b81b10anryjzck6ib3p9wjf68-vscodium-1.81.1.23222/lib/vscode/resources/app/out/vs/workbench/workbench.desktop.main.js:2519:57125)
2023-08-16 12:40:49.725 [warning] [File Watcher (parcel)] Watcher restarts because watched path got created again (path: /home/talin/nixos-config)
